Jun 01, 2024 09:44:23.718 [0x7fff348afb08] INFO - Plex Tuner Service v1.40.2.8395-c67dce28e - Docker Docker Container (LinuxServer.io) aarch64 - build: 
Jun 01, 2024 09:44:23.718 [0x7fff348afb08] INFO - Linux version: 6.6.28+rpt-rpi-2712 (#1 SMP PREEMPT Debian 1:6.6.28-1+rpt1 (2024-04-22)), language: en-US
Jun 01, 2024 09:44:23.718 [0x7fff348afb08] INFO - Processor Unknown architecture
Jun 01, 2024 09:44:23.718 [0x7fff348afb08] INFO - /usr/lib/plexmediaserver/Plex Tuner Service /usr/lib/plexmediaserver/Resources/Tuner/Private /usr/lib/plexmediaserver/Resources/Tuner/Shared 1.40.2.8395-c67dce28e 32600
Jun 01, 2024 09:44:23.717 [0x7fff36871890] INFO - [I] broker_t::start...
Jun 01, 2024 09:44:23.751 [0x7fff36871890] INFO - [I] device_manager_t::init.
Jun 01, 2024 09:44:23.751 [0x7fff36871890] INFO - [I] device_manager_t::init. Initialize provider manager
Jun 01, 2024 09:44:23.751 [0x7fff36871890] INFO - [I] device_manager_t::init. Initialize all device auxes
Jun 01, 2024 09:44:23.751 [0x7fff36871890] INFO - [I] dvb_device_factory_t::get_aux_list
Jun 01, 2024 09:44:23.751 [0x7fff36871890] INFO - [I] tvbutler_aux_t::init
Jun 01, 2024 09:44:23.754 [0x7fff36871890] INFO - [I] web_server_t::start. Starting web server on port 32600
Jun 01, 2024 09:44:29.902 [0x7fff3457fb08] INFO - [I] web_service_t::process_device_discovery
Jun 01, 2024 09:44:29.902 [0x7fff3457fb08] INFO - [I] device_reactor_t::get_device_list ()
Jun 01, 2024 09:44:31.905 [0x7fff3457fb08] INFO - [I] SAT2IP - discover_satip_servers(): no servers found
Jun 01, 2024 09:44:32.323 [0x7fff3457fb08] INFO - [I] v4l::DeviceGetList_impl. getting v4l device list
Jun 01, 2024 09:44:32.325 [0x7fff3457fb08] INFO - [I] onetv_factory::DeviceGetListEx >>
Jun 01, 2024 09:44:32.325 [0x7fff3457fb08] WARN - [W] onetv_factory::DeviceGetListEx. libusb_init returned an error -99
Jun 15, 2024 22:15:48.754 [0x7fff36871890] INFO - Received SIGINT: Interrupt from keyboard.
Jun 15, 2024 22:15:48.779 [0x7fff36871890] INFO - [I] device_manager_t::term
Jun 15, 2024 22:15:48.782 [0x7fff36871890] INFO - [I] device_manager_t::term. Stop all devices
Jun 15, 2024 22:15:48.789 [0x7fff36871890] INFO - [I] device_manager_t::term. Shut down all device auxes
Jun 15, 2024 22:15:48.815 [0x7fff36871890] INFO - [I] tvbutler_aux_t::term
Jun 15, 2024 22:15:48.898 [0x7fff36871890] INFO - [I] web_server_t::stop. Web server is stopped
Jun 15, 2024 22:15:48.898 [0x7fff36871890] INFO - [I] device_manager_t::term
Jun 15, 2024 22:15:48.898 [0x7fff36871890] INFO - [I] device_manager_t::term. Stop all devices
Jun 15, 2024 22:15:48.898 [0x7fff36871890] INFO - [I] device_manager_t::term. Shut down all device auxes
Jun 15, 2024 22:15:48.904 [0x7fff36871890] INFO - [I] broker_t::shutdown. Shutdown is completed.
