<SessionReport version="2" startTime="0" startTimestamp="May 09, 2024 23:38:39.901" key="/library/metadata/37" session="mhbgkresozhjxjrpbx651glr" transcode="tnb4vkzv8jenrjfsmp23qa20">
<User id="1" thumb="https://plex.tv/users/9c7ca592bba3d609/avatar?c=1715269234" title="rhel625" />
<Player address="192.168.1.228" device="webOS 7.3.1" machineIdentifier="mhbgkresozhjxjrpbx651glr" model="50UQ80006LB" platform="webOS" platformVersion="7.3.1" product="Plex for LG" remotePublicAddress="79.116.12.229" title="LG 50UQ80006LB" vendor="LG" version="5.81.1" local="1" relayed="0" secure="0" userID="1" />
<Variants>
<Variant id="153acb32-ed20-4ef5-b6bb-a24bf6c60439" targetBitrate="10000000" context="streaming" sourceVideoCodec="h264" sourceAudioCodec="eac3" videoDecision="transcode" audioDecision="copy" subtitleDecision="burn" protocol="hls" container="mpegts" videoCodec="h264" audioCodec="eac3" audioChannels="2" transcodeHwRequested="0" transcodeHwFullPipeline="0">
<Media id="31" videoProfile="high" audioChannels="2" audioCodec="eac3" container="mpegts" duration="1370070" height="1080" protocol="hls" videoCodec="h264" videoFrameRate="24p" videoResolution="1080p" width="1920" selected="1">
<Part deepAnalysisVersion="6" id="31" requiredBandwidths="11026,9750,8762,8762,8762,8762,8762,8762" videoProfile="high" container="mpegts" duration="1370070" height="1080" protocol="hls" width="1920" decision="transcode" selected="1">
<Stream bitrate="2147483647" codec="h264" default="1" displayTitle="1080p (H.264)" extendedDisplayTitle="Crunchyroll WEB-DL (1080p H.264)" frameRate="23.975999832153320" height="1080" id="108" language="&#26085;&#26412;&#35486;" languageCode="jpn" languageTag="ja" requiredBandwidths="10673,9397,8463,8463,8463,8463,8463,8463" streamType="1" width="1920" decision="transcode" location="segments-av" />
<Stream audioChannelLayout="stereo" bitrate="224" bitrateMode="cbr" channels="2" codec="eac3" default="1" displayTitle="&#26085;&#26412;&#35486; (EAC3 Stereo)" extendedDisplayTitle="Japanese 2ch (&#26085;&#26412;&#35486; EAC3 Stereo)" id="109" language="&#26085;&#26412;&#35486;" languageCode="jpn" languageTag="ja" requiredBandwidths="224,224,224,224,224,224,224,224" samplingRate="48000" selected="1" streamType="2" title="Japanese 2ch" decision="copy" location="segments-av" />
<Stream bitrate="0" burn="1" codec="ass" default="1" displayTitle="English (ASS)" extendedDisplayTitle="Full Subtitles [LostYears] (English ASS)" id="111" language="English" languageCode="eng" languageTag="en" requiredBandwidths="1,1,1,1,1,1,1,1" selected="1" streamType="3" title="Full Subtitles [LostYears]" decision="burn" location="segments-av" />
</Part>
</Media>
</Variant>
</Variants>
<SegmentList>
<Segment duration="1000" startOffset="0" endOffset="1000">
<File name="media-00000.ts" type="av">
<FileVariant size="4763356" variant="153acb32-ed20-4ef5-b6bb-a24bf6c60439" />
</File>
<Timelines>
<Download startTime="383" endTime="1934" complete="1" fileType="av" variant="153acb32-ed20-4ef5-b6bb-a24bf6c60439">
<Pause type="segmentWait" startTime="383" endTime="1813" />
</Download>
<Transcode startTime="338" endTime="1811" complete="1" fileType="av" variant="153acb32-ed20-4ef5-b6bb-a24bf6c60439" />
<Download startTime="5215" endTime="5521" complete="1" fileType="av" variant="153acb32-ed20-4ef5-b6bb-a24bf6c60439" />
</Timelines>
</Segment>
<Segment duration="1000" startOffset="1000" endOffset="2001">
<File name="media-00001.ts" type="av">
<FileVariant size="4896084" variant="153acb32-ed20-4ef5-b6bb-a24bf6c60439" />
</File>
<Timelines>
<Download startTime="2193" endTime="2718" complete="1" fileType="av" variant="153acb32-ed20-4ef5-b6bb-a24bf6c60439">
<Pause type="segmentWait" startTime="2193" endTime="2708" />
</Download>
<Download startTime="2460" endTime="2770" complete="1" fileType="av" variant="153acb32-ed20-4ef5-b6bb-a24bf6c60439">
<Pause type="segmentWait" startTime="2460" endTime="2765" />
</Download>
<Transcode startTime="1811" endTime="2674" complete="1" fileType="av" variant="153acb32-ed20-4ef5-b6bb-a24bf6c60439" />
<Download startTime="5708" endTime="5861" complete="1" fileType="av" variant="153acb32-ed20-4ef5-b6bb-a24bf6c60439" />
</Timelines>
</Segment>
<Segment duration="1001" startOffset="2001" endOffset="3003">
<File name="media-00002.ts" type="av">
<FileVariant size="4783096" variant="153acb32-ed20-4ef5-b6bb-a24bf6c60439" />
</File>
<Timelines>
<Download startTime="2788" endTime="3826" complete="1" fileType="av" variant="153acb32-ed20-4ef5-b6bb-a24bf6c60439">
<Pause type="segmentWait" startTime="2788" endTime="3501" />
</Download>
<Transcode startTime="2674" endTime="3443" complete="1" fileType="av" variant="153acb32-ed20-4ef5-b6bb-a24bf6c60439" />
<Download startTime="5990" endTime="6228" complete="1" fileType="av" variant="153acb32-ed20-4ef5-b6bb-a24bf6c60439" />
</Timelines>
</Segment>
<Segment duration="1001" startOffset="3003" endOffset="4004">
<File name="media-00003.ts" type="av">
<FileVariant size="6169784" variant="153acb32-ed20-4ef5-b6bb-a24bf6c60439" />
</File>
<Timelines>
<Download startTime="3921" endTime="4709" complete="1" fileType="av" variant="153acb32-ed20-4ef5-b6bb-a24bf6c60439">
<Pause type="segmentWait" startTime="3921" endTime="4329" />
</Download>
<Transcode startTime="3443" endTime="4304" complete="1" fileType="av" variant="153acb32-ed20-4ef5-b6bb-a24bf6c60439" />
<Download startTime="6398" endTime="6536" complete="1" fileType="av" variant="153acb32-ed20-4ef5-b6bb-a24bf6c60439" />
</Timelines>
</Segment>
<Segment duration="1001" startOffset="4003" endOffset="5005">
<File name="media-00004.ts" type="av">
<FileVariant size="7774176" variant="153acb32-ed20-4ef5-b6bb-a24bf6c60439" />
</File>
<Timelines>
<Download startTime="4815" endTime="5226" complete="1" fileType="av" variant="153acb32-ed20-4ef5-b6bb-a24bf6c60439">
<Pause type="segmentWait" startTime="4815" endTime="5217" />
</Download>
<Download startTime="4991" endTime="5198" complete="1" fileType="av" variant="153acb32-ed20-4ef5-b6bb-a24bf6c60439">
<Pause type="segmentWait" startTime="4991" endTime="5191" />
</Download>
<Transcode startTime="4304" endTime="5170" complete="1" fileType="av" variant="153acb32-ed20-4ef5-b6bb-a24bf6c60439" />
<Download startTime="6826" endTime="7279" complete="1" fileType="av" variant="153acb32-ed20-4ef5-b6bb-a24bf6c60439" />
</Timelines>
</Segment>
<Segment duration="1001" startOffset="5005" endOffset="6006">
<File name="media-00005.ts" type="av">
<FileVariant size="6125980" variant="153acb32-ed20-4ef5-b6bb-a24bf6c60439" />
</File>
<Timelines>
<Transcode startTime="5170" endTime="5990" complete="1" fileType="av" variant="153acb32-ed20-4ef5-b6bb-a24bf6c60439" />
<Download startTime="7439" endTime="7701" complete="1" fileType="av" variant="153acb32-ed20-4ef5-b6bb-a24bf6c60439" />
</Timelines>
</Segment>
<Segment duration="959" startOffset="6006" endOffset="6965">
<File name="media-00006.ts" type="av">
<FileVariant size="5616312" variant="153acb32-ed20-4ef5-b6bb-a24bf6c60439" />
</File>
<Timelines>
<Transcode startTime="5990" endTime="6750" complete="1" fileType="av" variant="153acb32-ed20-4ef5-b6bb-a24bf6c60439" />
<Download startTime="7892" endTime="8054" complete="1" fileType="av" variant="153acb32-ed20-4ef5-b6bb-a24bf6c60439" />
</Timelines>
</Segment>
<Segment duration="1042" startOffset="6965" endOffset="8008">
<File name="media-00007.ts" type="av">
<FileVariant size="1428424" variant="153acb32-ed20-4ef5-b6bb-a24bf6c60439" />
</File>
<Timelines>
<Transcode startTime="6750" endTime="7352" complete="1" fileType="av" variant="153acb32-ed20-4ef5-b6bb-a24bf6c60439" />
</Timelines>
</Segment>
<Segment duration="1000" startOffset="8008" endOffset="9009">
<File name="media-00008.ts" type="av">
<FileVariant size="697104" variant="153acb32-ed20-4ef5-b6bb-a24bf6c60439" />
</File>
<Timelines>
<Transcode startTime="7352" endTime="8026" complete="1" fileType="av" variant="153acb32-ed20-4ef5-b6bb-a24bf6c60439" />
</Timelines>
</Segment>
</SegmentList>
<PlaybackReports>
<Playback startTime="2449" endTime="2512" state="playing" progress="2535" />
<Playback startTime="2512" endTime="4960" state="buffering" progress="2535" />
<Playback startTime="4960" endTime="5038" state="buffering" progress="0" />
<Playback startTime="5038" endTime="5687" state="playing" progress="0" />
<Playback startTime="5687" endTime="8218" state="buffering" progress="0" />
<Playback startTime="8218" endTime="8233" state="buffering" progress="90000" />
</PlaybackReports>
<StateReports />
<StateReports />
</SessionReport>
