May 28, 2024 02:04:52.012 [140733310152184] INFO - Plex Media Scanner v1.40.2.8395-c67dce28e - Docker Docker Container (LinuxServer.io) aarch64 - build: linux-aarch64 - GMT 02:00
May 28, 2024 02:04:52.012 [140733310152184] INFO - Linux version: 6.6.28+rpt-rpi-2712, language: en-US
May 28, 2024 02:04:52.012 [140733310152184] INFO - Processor: 4-core AArch64
May 28, 2024 02:04:52.012 [140733310152184] INFO - /usr/lib/plexmediaserver/Plex Media Scanner --analyze --item 212 --log-file-suffix  Analysis
May 28, 2024 02:04:52.013 [140733390430392] DEBUG - Opening 20 database sessions to library (com.plexapp.plugins.library), SQLite 3.39.4, threadsafe=1
May 28, 2024 02:04:52.095 [140733390430392] DEBUG - Analyzing media parts for item 212 (Re:Stive): 227
May 28, 2024 02:04:52.096 [140733390430392] DEBUG - [ID 227] Media part analysis: /anime/Re-Monster (2024) [imdbid-tt31514720]/Season 1/Re-Monster (2024) - S01E09 - 009 - Re-Stive [HDTV-1080p][8bit][x264][AAC 2.0][JA]-SubsPlease.mkv
May 28, 2024 02:04:52.096 [140733390430392] DEBUG - [MI] Opening input file: "/anime/Re-Monster (2024) [imdbid-tt31514720]/Season 1/Re-Monster (2024) - S01E09 - 009 - Re-Stive [HDTV-1080p][8bit][x264][AAC 2.0][JA]-SubsPlease.mkv"
May 28, 2024 02:04:52.096 [140733390430392] DEBUG - [FFMPEG] - Opening '/anime/Re-Monster (2024) [imdbid-tt31514720]/Season 1/Re-Monster (2024) - S01E09 - 009 - Re-Stive [HDTV-1080p][8bit][x264][AAC 2.0][JA]-SubsPlease.mkv' for reading
May 28, 2024 02:04:52.096 [140733390430392] DEBUG - [FFMPEG] - Setting default whitelist 'file,crypto,data'
May 28, 2024 02:04:52.096 [140733390430392] DEBUG - [FFMPEG] - Format matroska,webm probed with size=2048 and score=100
May 28, 2024 02:04:52.096 [140733390430392] DEBUG - [FFMPEG] - Unknown entry 0x22B59D at pos. 4344
May 28, 2024 02:04:52.096 [140733390430392] DEBUG - [FFMPEG] - Unknown entry 0x22B59D at pos. 4429
May 28, 2024 02:04:52.096 [140733390430392] DEBUG - [FFMPEG] - Unknown entry 0x22B59D at pos. 6663
May 28, 2024 02:04:52.101 [140733390430392] DEBUG - [FFMPEG] - Unknown entry 0x447B at pos. 1447964939
May 28, 2024 02:04:52.101 [140733390430392] DEBUG - [FFMPEG] - Unknown entry 0x447B at pos. 1447964985
May 28, 2024 02:04:52.101 [140733390430392] DEBUG - [FFMPEG] - Unknown entry 0x447B at pos. 1447965026
May 28, 2024 02:04:52.101 [140733390430392] DEBUG - [FFMPEG] - Unknown entry 0x447B at pos. 1447965071
May 28, 2024 02:04:52.101 [140733390430392] DEBUG - [FFMPEG] - Unknown entry 0x447B at pos. 1447965130
May 28, 2024 02:04:52.101 [140733390430392] DEBUG - [FFMPEG] - Unknown entry 0x447B at pos. 1447965197
May 28, 2024 02:04:52.101 [140733390430392] DEBUG - [FFMPEG] - Unknown entry 0x447B at pos. 1447965278
May 28, 2024 02:04:52.101 [140733390430392] DEBUG - [FFMPEG] - Unknown entry 0x447B at pos. 1447965330
May 28, 2024 02:04:52.101 [140733390430392] DEBUG - [FFMPEG] - Unknown entry 0x447B at pos. 1447965376
May 28, 2024 02:04:52.101 [140733390430392] DEBUG - [FFMPEG] - Unknown entry 0x447B at pos. 1447965417
May 28, 2024 02:04:52.101 [140733390430392] DEBUG - [FFMPEG] - Unknown entry 0x447B at pos. 1447965460
May 28, 2024 02:04:52.101 [140733390430392] DEBUG - [FFMPEG] - Unknown entry 0x447B at pos. 1447965519
May 28, 2024 02:04:52.101 [140733390430392] DEBUG - [FFMPEG] - Unknown entry 0x447B at pos. 1447965586
May 28, 2024 02:04:52.101 [140733390430392] DEBUG - [FFMPEG] - Unknown entry 0x447B at pos. 1447965667
May 28, 2024 02:04:52.101 [140733390430392] DEBUG - [FFMPEG] - Unknown entry 0x447B at pos. 1447965716
May 28, 2024 02:04:52.101 [140733390430392] DEBUG - [FFMPEG] - Unknown entry 0x447B at pos. 1447965762
May 28, 2024 02:04:52.101 [140733390430392] DEBUG - [FFMPEG] - Unknown entry 0x447B at pos. 1447965801
May 28, 2024 02:04:52.101 [140733390430392] DEBUG - [FFMPEG] - Unknown entry 0x447B at pos. 1447965841
May 28, 2024 02:04:52.101 [140733390430392] DEBUG - [FFMPEG] - Unknown entry 0x447B at pos. 1447965900
May 28, 2024 02:04:52.101 [140733390430392] DEBUG - [FFMPEG] - Unknown entry 0x447B at pos. 1447965967
May 28, 2024 02:04:52.101 [140733390430392] DEBUG - [FFMPEG] - Unknown entry 0x447B at pos. 1447966048
May 28, 2024 02:04:52.101 [140733390430392] DEBUG - [FFMPEG] - st:0 removing common factor 1000000 from timebase
May 28, 2024 02:04:52.101 [140733390430392] DEBUG - [FFMPEG] - st:1 removing common factor 1000000 from timebase
May 28, 2024 02:04:52.101 [140733390430392] DEBUG - [FFMPEG] - st:2 removing common factor 1000000 from timebase
May 28, 2024 02:04:52.110 [140733390430392] DEBUG - [FFMPEG] - Before avformat_find_stream_info() pos: 6507684 bytes read:6541612 seeks:2 nb_streams:17
May 28, 2024 02:04:52.111 [140733390430392] DEBUG - [FFMPEG] - nal_unit_type: 7(SPS), nal_ref_idc: 3
May 28, 2024 02:04:52.111 [140733390430392] DEBUG - [FFMPEG] - nal_unit_type: 8(PPS), nal_ref_idc: 3
May 28, 2024 02:04:52.116 [140733390430392] DEBUG - [FFMPEG] - nal_unit_type: 7(SPS), nal_ref_idc: 3
May 28, 2024 02:04:52.116 [140733390430392] DEBUG - [FFMPEG] - nal_unit_type: 8(PPS), nal_ref_idc: 3
May 28, 2024 02:04:52.117 [140733390430392] DEBUG - [FFMPEG] - nal_unit_type: 6(SEI), nal_ref_idc: 0
May 28, 2024 02:04:52.117 [140733390430392] DEBUG - [FFMPEG] - nal_unit_type: 5(IDR), nal_ref_idc: 3
May 28, 2024 02:04:52.117 [140733390430392] DEBUG - [FFMPEG] - Format yuv420p chosen by get_format().
May 28, 2024 02:04:52.123 [140733390430392] DEBUG - [FFMPEG] - nal_unit_type: 1(Coded slice of a non-IDR picture), nal_ref_idc: 2
May 28, 2024 02:04:52.129 [140733390430392] DEBUG - [FFMPEG] - nal_unit_type: 1(Coded slice of a non-IDR picture), nal_ref_idc: 2
May 28, 2024 02:04:52.135 [140733390430392] DEBUG - [FFMPEG] - nal_unit_type: 1(Coded slice of a non-IDR picture), nal_ref_idc: 2
May 28, 2024 02:04:52.141 [140733390430392] DEBUG - [FFMPEG] - nal_unit_type: 1(Coded slice of a non-IDR picture), nal_ref_idc: 2
May 28, 2024 02:04:52.147 [140733390430392] DEBUG - [FFMPEG] - nal_unit_type: 1(Coded slice of a non-IDR picture), nal_ref_idc: 2
May 28, 2024 02:04:52.151 [140733390430392] DEBUG - [FFMPEG] - nal_unit_type: 1(Coded slice of a non-IDR picture), nal_ref_idc: 2
May 28, 2024 02:04:52.154 [140733390430392] DEBUG - [FFMPEG] - All info found
May 28, 2024 02:04:52.160 [140733390430392] DEBUG - [FFMPEG] - After avformat_find_stream_info() pos: 6515427 bytes read:6574380 seeks:2 frames:24
May 28, 2024 02:04:52.165 [140733390430392] DEBUG - [MI]  * 90da2c80ff144a3b8e7bbe042a0f88ae643cbab9 [mkv h264/aac] Duration: 1420109ms, 1920x1080 (1.777778) 23.976fps, bitrate=8156kbps, audio channels=2, optimizedForStreaming=0 ("/anime/Re-Monster (2024) [imdbid-tt31514720]/Season 1/Re-Monster (2024) - S01E09 - 009 - Re-Stive [HDTV-1080p][8bit][x264][AAC 2.0][JA]-SubsPlease.mkv")
May 28, 2024 02:04:52.165 [140733390430392] DEBUG - [MI] Chapters had generic titles, clearing.
May 28, 2024 02:04:52.165 [140733390430392] DEBUG - [MI] Closing input file: "/anime/Re-Monster (2024) [imdbid-tt31514720]/Season 1/Re-Monster (2024) - S01E09 - 009 - Re-Stive [HDTV-1080p][8bit][x264][AAC 2.0][JA]-SubsPlease.mkv"
May 28, 2024 02:04:52.166 [140733390430392] DEBUG - Committing media stream changes for part 227
May 28, 2024 02:04:52.167 [140733390430392] DEBUG - Updating media item 227, size=1447966053, metadata_item_id=212
May 28, 2024 02:04:52.167 [140733390430392] DEBUG - Updating part with ID=227 [/anime/Re-Monster (2024) [imdbid-tt31514720]/Season 1/Re-Monster (2024) - S01E09 - 009 - Re-Stive [HDTV-1080p][8bit][x264][AAC 2.0][JA]-SubsPlease.mkv]
May 28, 2024 02:04:52.167 [140733293702648] DEBUG - [HCl#1] HTTP requesting GET http://127.0.0.1:32400/:/metadata/notify/changeItemState?librarySectionID=4&metadataItemID=212&metadataType=4&state=-1&parentID=-1&rootID=-1&mediaState=analyzing
May 28, 2024 02:04:52.168 [140733390430392] DEBUG - [MI] Opening input file: "/anime/Re-Monster (2024) [imdbid-tt31514720]/Season 1/Re-Monster (2024) - S01E09 - 009 - Re-Stive [HDTV-1080p][8bit][x264][AAC 2.0][JA]-SubsPlease.mkv"
May 28, 2024 02:04:52.168 [140733390430392] DEBUG - [FFMPEG] - Opening '/anime/Re-Monster (2024) [imdbid-tt31514720]/Season 1/Re-Monster (2024) - S01E09 - 009 - Re-Stive [HDTV-1080p][8bit][x264][AAC 2.0][JA]-SubsPlease.mkv' for reading
May 28, 2024 02:04:52.168 [140733390430392] DEBUG - [FFMPEG] - Setting default whitelist 'file,crypto,data'
May 28, 2024 02:04:52.168 [140733390430392] DEBUG - [FFMPEG] - Format matroska,webm probed with size=2048 and score=100
May 28, 2024 02:04:52.168 [140733390430392] DEBUG - [FFMPEG] - Unknown entry 0x22B59D at pos. 4344
May 28, 2024 02:04:52.168 [140733390430392] DEBUG - [FFMPEG] - Unknown entry 0x22B59D at pos. 4429
May 28, 2024 02:04:52.168 [140733390430392] DEBUG - [FFMPEG] - Unknown entry 0x22B59D at pos. 6663
May 28, 2024 02:04:52.168 [140733293178360] DEBUG - [HttpClient/HCl#1] HTTP/1.1 (0.0s) 200 response from GET http://127.0.0.1:32400/:/metadata/notify/changeItemState?librarySectionID=4&metadataItemID=212&metadataType=4&state=-1&parentID=-1&rootID=-1&mediaState=analyzing
May 28, 2024 02:04:52.169 [140733293702648] DEBUG - [HCl#2] HTTP requesting GET http://127.0.0.1:32400/:/metadata/notify/changeItemState?librarySectionID=4&metadataItemID=212&metadataType=4&state=-1&parentID=-1&rootID=-1&mediaState=thumbnailing
May 28, 2024 02:04:52.170 [140733293178360] DEBUG - [HttpClient/HCl#2] HTTP/1.1 (0.0s) 200 response from GET http://127.0.0.1:32400/:/metadata/notify/changeItemState?librarySectionID=4&metadataItemID=212&metadataType=4&state=-1&parentID=-1&rootID=-1&mediaState=thumbnailing (reused)
May 28, 2024 02:04:52.173 [140733390430392] DEBUG - [FFMPEG] - Unknown entry 0x447B at pos. 1447964939
May 28, 2024 02:04:52.173 [140733390430392] DEBUG - [FFMPEG] - Unknown entry 0x447B at pos. 1447964985
May 28, 2024 02:04:52.173 [140733390430392] DEBUG - [FFMPEG] - Unknown entry 0x447B at pos. 1447965026
May 28, 2024 02:04:52.173 [140733390430392] DEBUG - [FFMPEG] - Unknown entry 0x447B at pos. 1447965071
May 28, 2024 02:04:52.173 [140733390430392] DEBUG - [FFMPEG] - Unknown entry 0x447B at pos. 1447965130
May 28, 2024 02:04:52.173 [140733390430392] DEBUG - [FFMPEG] - Unknown entry 0x447B at pos. 1447965197
May 28, 2024 02:04:52.173 [140733390430392] DEBUG - [FFMPEG] - Unknown entry 0x447B at pos. 1447965278
May 28, 2024 02:04:52.173 [140733390430392] DEBUG - [FFMPEG] - Unknown entry 0x447B at pos. 1447965330
May 28, 2024 02:04:52.173 [140733390430392] DEBUG - [FFMPEG] - Unknown entry 0x447B at pos. 1447965376
May 28, 2024 02:04:52.173 [140733390430392] DEBUG - [FFMPEG] - Unknown entry 0x447B at pos. 1447965417
May 28, 2024 02:04:52.173 [140733390430392] DEBUG - [FFMPEG] - Unknown entry 0x447B at pos. 1447965460
May 28, 2024 02:04:52.173 [140733390430392] DEBUG - [FFMPEG] - Unknown entry 0x447B at pos. 1447965519
May 28, 2024 02:04:52.173 [140733390430392] DEBUG - [FFMPEG] - Unknown entry 0x447B at pos. 1447965586
May 28, 2024 02:04:52.173 [140733390430392] DEBUG - [FFMPEG] - Unknown entry 0x447B at pos. 1447965667
May 28, 2024 02:04:52.173 [140733390430392] DEBUG - [FFMPEG] - Unknown entry 0x447B at pos. 1447965716
May 28, 2024 02:04:52.173 [140733390430392] DEBUG - [FFMPEG] - Unknown entry 0x447B at pos. 1447965762
May 28, 2024 02:04:52.173 [140733390430392] DEBUG - [FFMPEG] - Unknown entry 0x447B at pos. 1447965801
May 28, 2024 02:04:52.173 [140733390430392] DEBUG - [FFMPEG] - Unknown entry 0x447B at pos. 1447965841
May 28, 2024 02:04:52.173 [140733390430392] DEBUG - [FFMPEG] - Unknown entry 0x447B at pos. 1447965900
May 28, 2024 02:04:52.173 [140733390430392] DEBUG - [FFMPEG] - Unknown entry 0x447B at pos. 1447965967
May 28, 2024 02:04:52.173 [140733390430392] DEBUG - [FFMPEG] - Unknown entry 0x447B at pos. 1447966048
May 28, 2024 02:04:52.173 [140733390430392] DEBUG - [FFMPEG] - st:0 removing common factor 1000000 from timebase
May 28, 2024 02:04:52.173 [140733390430392] DEBUG - [FFMPEG] - st:1 removing common factor 1000000 from timebase
May 28, 2024 02:04:52.173 [140733390430392] DEBUG - [FFMPEG] - st:2 removing common factor 1000000 from timebase
May 28, 2024 02:04:52.182 [140733390430392] DEBUG - [FFMPEG] - Before avformat_find_stream_info() pos: 6507684 bytes read:6541612 seeks:2 nb_streams:17
May 28, 2024 02:04:52.183 [140733390430392] DEBUG - [FFMPEG] - nal_unit_type: 7(SPS), nal_ref_idc: 3
May 28, 2024 02:04:52.183 [140733390430392] DEBUG - [FFMPEG] - nal_unit_type: 8(PPS), nal_ref_idc: 3
May 28, 2024 02:04:52.188 [140733390430392] DEBUG - [FFMPEG] - nal_unit_type: 7(SPS), nal_ref_idc: 3
May 28, 2024 02:04:52.188 [140733390430392] DEBUG - [FFMPEG] - nal_unit_type: 8(PPS), nal_ref_idc: 3
May 28, 2024 02:04:52.189 [140733390430392] DEBUG - [FFMPEG] - nal_unit_type: 6(SEI), nal_ref_idc: 0
May 28, 2024 02:04:52.189 [140733390430392] DEBUG - [FFMPEG] - nal_unit_type: 5(IDR), nal_ref_idc: 3
May 28, 2024 02:04:52.189 [140733390430392] DEBUG - [FFMPEG] - Format yuv420p chosen by get_format().
May 28, 2024 02:04:52.195 [140733390430392] DEBUG - [FFMPEG] - nal_unit_type: 1(Coded slice of a non-IDR picture), nal_ref_idc: 2
May 28, 2024 02:04:52.201 [140733390430392] DEBUG - [FFMPEG] - nal_unit_type: 1(Coded slice of a non-IDR picture), nal_ref_idc: 2
May 28, 2024 02:04:52.207 [140733390430392] DEBUG - [FFMPEG] - nal_unit_type: 1(Coded slice of a non-IDR picture), nal_ref_idc: 2
May 28, 2024 02:04:52.213 [140733390430392] DEBUG - [FFMPEG] - nal_unit_type: 1(Coded slice of a non-IDR picture), nal_ref_idc: 2
May 28, 2024 02:04:52.219 [140733390430392] DEBUG - [FFMPEG] - nal_unit_type: 1(Coded slice of a non-IDR picture), nal_ref_idc: 2
May 28, 2024 02:04:52.223 [140733390430392] DEBUG - [FFMPEG] - nal_unit_type: 1(Coded slice of a non-IDR picture), nal_ref_idc: 2
May 28, 2024 02:04:52.226 [140733390430392] DEBUG - [FFMPEG] - All info found
May 28, 2024 02:04:52.232 [140733390430392] DEBUG - [FFMPEG] - After avformat_find_stream_info() pos: 6515427 bytes read:6574380 seeks:2 frames:24
May 28, 2024 02:04:52.232 [140733390430392] DEBUG - Creating /config/Library/Application Support/Plex Media Server/Media/localhost/9/0da2c80ff144a3b8e7bbe042a0f88ae643cbab9.bundle/Contents/Thumbnails/thumb1.jpg (50.0%, 720x512).
May 28, 2024 02:04:52.233 [140733390430392] DEBUG - [FFMPEG] - nal_unit_type: 7(SPS), nal_ref_idc: 3
May 28, 2024 02:04:52.233 [140733390430392] DEBUG - [FFMPEG] - nal_unit_type: 8(PPS), nal_ref_idc: 3
May 28, 2024 02:04:52.234 [140733390430392] DEBUG - [FFMPEG] - nal_unit_type: 7(SPS), nal_ref_idc: 3
May 28, 2024 02:04:52.234 [140733390430392] DEBUG - [FFMPEG] - nal_unit_type: 8(PPS), nal_ref_idc: 3
May 28, 2024 02:04:52.234 [140733390430392] DEBUG - [FFMPEG] - nal_unit_type: 5(IDR), nal_ref_idc: 3
May 28, 2024 02:04:52.234 [140733390430392] DEBUG - [FFMPEG] - Format yuv420p chosen by get_format().
May 28, 2024 02:04:52.259 [140733390430392] WARN - [FFMPEG] - No accelerated colorspace conversion found from yuv420p to rgb24.
May 28, 2024 02:04:52.327 [140733390430392] DEBUG - Loaded memory image of size 1920x1080.
May 28, 2024 02:04:52.366 [140733390430392] DEBUG - [MI] Closing input file: "/anime/Re-Monster (2024) [imdbid-tt31514720]/Season 1/Re-Monster (2024) - S01E09 - 009 - Re-Stive [HDTV-1080p][8bit][x264][AAC 2.0][JA]-SubsPlease.mkv"
May 28, 2024 02:04:52.368 [140733390430392] DEBUG - Downloading document http://127.0.0.1:32400/library/changestamp
May 28, 2024 02:04:52.368 [140733390430392] DEBUG - [HCl#3] HTTP requesting GET http://127.0.0.1:32400/library/changestamp
May 28, 2024 02:04:52.368 [140733293178360] DEBUG - [HttpClient/HCl#3] HTTP/1.1 (0.0s) 200 response from GET http://127.0.0.1:32400/library/changestamp (reused)
May 28, 2024 02:04:52.368 [140733390430392] DEBUG - Updating metadata item (save) (Re:Stive) with ID 212
May 28, 2024 02:04:52.369 [140733293702648] DEBUG - [HCl#4] HTTP requesting GET http://127.0.0.1:32400/:/metadata/flushMetadataCounterCache?metadataItemID=1
May 28, 2024 02:04:52.370 [140733293178360] DEBUG - [HttpClient/HCl#4] HTTP/1.1 (0.0s) 200 response from GET http://127.0.0.1:32400/:/metadata/flushMetadataCounterCache?metadataItemID=1 (reused)
May 28, 2024 02:04:52.370 [140733293702648] DEBUG - [HCl#5] HTTP requesting GET http://127.0.0.1:32400/:/metadata/notify/changeItemState?librarySectionID=4&metadataItemID=212&metadataType=4&state=-1&parentID=-1&rootID=-1&mediaState=idle
May 28, 2024 02:04:52.370 [140733293178360] DEBUG - [HttpClient/HCl#5] HTTP/1.1 (0.0s) 200 response from GET http://127.0.0.1:32400/:/metadata/notify/changeItemState?librarySectionID=4&metadataItemID=212&metadataType=4&state=-1&parentID=-1&rootID=-1&mediaState=idle (reused)
May 28, 2024 02:04:52.372 [140733390430392] DEBUG - Downloading document http://127.0.0.1:32400/library/changestamp
May 28, 2024 02:04:52.372 [140733390430392] DEBUG - [HCl#6] HTTP requesting GET http://127.0.0.1:32400/library/changestamp
May 28, 2024 02:04:52.372 [140733293178360] DEBUG - [HttpClient/HCl#6] HTTP/1.1 (0.0s) 200 response from GET http://127.0.0.1:32400/library/changestamp (reused)
May 28, 2024 02:04:52.372 [140733390430392] DEBUG - Updating metadata item (save) (Re:Stive) with ID 212
May 28, 2024 02:04:52.373 [140733293702648] DEBUG - [HCl#7] HTTP requesting GET http://127.0.0.1:32400/:/metadata/flushMetadataCounterCache?metadataItemID=1
May 28, 2024 02:04:52.373 [140733293178360] DEBUG - [HttpClient/HCl#7] HTTP/1.1 (0.0s) 200 response from GET http://127.0.0.1:32400/:/metadata/flushMetadataCounterCache?metadataItemID=1 (reused)
May 28, 2024 02:04:52.373 [140733390430392] DEBUG - Doing expensive tags write for 'Re:Stive' because something changed.
May 28, 2024 02:04:52.374 [140733390430392] DEBUG - Downloading document http://127.0.0.1:32400/library/changestamp
May 28, 2024 02:04:52.374 [140733390430392] DEBUG - [HCl#8] HTTP requesting GET http://127.0.0.1:32400/library/changestamp
May 28, 2024 02:04:52.374 [140733293178360] DEBUG - [HttpClient/HCl#8] HTTP/1.1 (0.0s) 200 response from GET http://127.0.0.1:32400/library/changestamp (reused)
May 28, 2024 02:04:52.374 [140733390430392] DEBUG - Updating metadata item (save) (Re:Stive) with ID 212
May 28, 2024 02:04:52.375 [140733293702648] DEBUG - [HCl#9] HTTP requesting GET http://127.0.0.1:32400/:/metadata/flushMetadataCounterCache?metadataItemID=1
May 28, 2024 02:04:52.375 [140733293178360] DEBUG - [HttpClient/HCl#9] HTTP/1.1 (0.0s) 200 response from GET http://127.0.0.1:32400/:/metadata/flushMetadataCounterCache?metadataItemID=1 (reused)
