<SessionReport version="2" startTime="0" startTimestamp="May 26, 2024 01:47:00.952" key="/library/metadata/211" session="mhbgkresozhjxjrpbx651glr" transcode="4yq7wcihfg77ov37e79bsu79">
<User id="1" thumb="https://plex.tv/users/9c7ca592bba3d609/avatar?c=1716590610" title="rhel625" />
<Player address="192.168.1.228" device="webOS 7.4.0" machineIdentifier="mhbgkresozhjxjrpbx651glr" model="50UQ80006LB" platform="webOS" platformVersion="7.4.0" product="Plex for LG" title="LG 50UQ80006LB" vendor="LG" version="5.82.2" local="1" relayed="0" secure="0" userID="1" />
<Variants>
<Variant id="82ef4d27-5547-4ffa-8bbd-14e34325fda7" targetBitrate="296" context="streaming" sourceAudioCodec="mp3" audioDecision="transcode" protocol="hls" container="mpegts" audioCodec="aac" audioChannels="2" transcodeHwRequested="0" transcodeHwFullPipeline="0">
<Media id="225" origin="local" audioChannels="2" audioCodec="aac" bitrate="281" container="mpegts" duration="29355" protocol="hls" selected="1">
<Part id="225" bitrate="281" container="mpegts" duration="29355" decision="transcode" selected="1">
<Stream bitrate="281" bitrateMode="cbr" channels="2" codec="aac" displayTitle="MP3 (Stereo)" extendedDisplayTitle="MP3 (Stereo)" id="793" selected="1" streamType="2" decision="transcode" location="segments-av" />
</Part>
</Media>
</Variant>
</Variants>
<SegmentList>
<Segment duration="0" startOffset="-1" endOffset="-1">
<File name="media-00000.ts" type="av">
<FileVariant size="34592" variant="82ef4d27-5547-4ffa-8bbd-14e34325fda7" />
</File>
<Timelines>
<Download startTime="103" endTime="204" complete="1" fileType="av" variant="82ef4d27-5547-4ffa-8bbd-14e34325fda7">
<Pause type="segmentWait" startTime="103" endTime="203" />
</Download>
<Transcode startTime="81" endTime="166" complete="1" fileType="av" variant="82ef4d27-5547-4ffa-8bbd-14e34325fda7" />
<Download startTime="926" endTime="926" complete="1" fileType="av" variant="82ef4d27-5547-4ffa-8bbd-14e34325fda7" />
</Timelines>
</Segment>
<Segment duration="1002" startOffset="938" endOffset="1941">
<File name="media-00001.ts" type="av">
<FileVariant size="35156" variant="82ef4d27-5547-4ffa-8bbd-14e34325fda7" />
</File>
<Timelines>
<Transcode startTime="166" endTime="234" complete="1" fileType="av" variant="82ef4d27-5547-4ffa-8bbd-14e34325fda7" />
<Download startTime="335" endTime="336" complete="1" fileType="av" variant="82ef4d27-5547-4ffa-8bbd-14e34325fda7">
<Pause type="segmentWait" startTime="335" endTime="336" />
</Download>
<Download startTime="941" endTime="941" complete="1" fileType="av" variant="82ef4d27-5547-4ffa-8bbd-14e34325fda7" />
</Timelines>
</Segment>
<Segment duration="1002" startOffset="1941" endOffset="2944">
<File name="media-00002.ts" type="av">
<FileVariant size="35908" variant="82ef4d27-5547-4ffa-8bbd-14e34325fda7" />
</File>
<Timelines>
<Transcode startTime="234" endTime="292" complete="1" fileType="av" variant="82ef4d27-5547-4ffa-8bbd-14e34325fda7" />
<Download startTime="348" endTime="349" complete="1" fileType="av" variant="82ef4d27-5547-4ffa-8bbd-14e34325fda7" />
<Download startTime="952" endTime="952" complete="1" fileType="av" variant="82ef4d27-5547-4ffa-8bbd-14e34325fda7" />
</Timelines>
</Segment>
<Segment duration="1002" startOffset="2944" endOffset="3946">
<File name="media-00003.ts" type="av">
<FileVariant size="35532" variant="82ef4d27-5547-4ffa-8bbd-14e34325fda7" />
</File>
<Timelines>
<Transcode startTime="292" endTime="350" complete="1" fileType="av" variant="82ef4d27-5547-4ffa-8bbd-14e34325fda7" />
<Download startTime="359" endTime="359" complete="1" fileType="av" variant="82ef4d27-5547-4ffa-8bbd-14e34325fda7" />
<Download startTime="965" endTime="966" complete="1" fileType="av" variant="82ef4d27-5547-4ffa-8bbd-14e34325fda7" />
</Timelines>
</Segment>
<Segment duration="1002" startOffset="3946" endOffset="4949">
<File name="media-00004.ts" type="av">
<FileVariant size="36284" variant="82ef4d27-5547-4ffa-8bbd-14e34325fda7" />
</File>
<Timelines>
<Download startTime="371" endTime="471" complete="1" fileType="av" variant="82ef4d27-5547-4ffa-8bbd-14e34325fda7">
<Pause type="segmentWait" startTime="371" endTime="471" />
</Download>
<Transcode startTime="350" endTime="401" complete="1" fileType="av" variant="82ef4d27-5547-4ffa-8bbd-14e34325fda7" />
<Download startTime="975" endTime="975" complete="1" fileType="av" variant="82ef4d27-5547-4ffa-8bbd-14e34325fda7" />
</Timelines>
</Segment>
<Segment duration="1002" startOffset="4949" endOffset="5952">
<File name="media-00005.ts" type="av">
<FileVariant size="35908" variant="82ef4d27-5547-4ffa-8bbd-14e34325fda7" />
</File>
<Timelines>
<Transcode startTime="401" endTime="474" complete="1" fileType="av" variant="82ef4d27-5547-4ffa-8bbd-14e34325fda7" />
<Download startTime="513" endTime="514" complete="1" fileType="av" variant="82ef4d27-5547-4ffa-8bbd-14e34325fda7" />
<Download startTime="985" endTime="985" complete="1" fileType="av" variant="82ef4d27-5547-4ffa-8bbd-14e34325fda7" />
</Timelines>
</Segment>
<Segment duration="1002" startOffset="5952" endOffset="6954">
<File name="media-00006.ts" type="av">
<FileVariant size="35156" variant="82ef4d27-5547-4ffa-8bbd-14e34325fda7" />
</File>
<Timelines>
<Download startTime="524" endTime="624" complete="1" fileType="av" variant="82ef4d27-5547-4ffa-8bbd-14e34325fda7">
<Pause type="segmentWait" startTime="524" endTime="624" />
</Download>
<Transcode startTime="474" endTime="535" complete="1" fileType="av" variant="82ef4d27-5547-4ffa-8bbd-14e34325fda7" />
<Download startTime="997" endTime="997" complete="1" fileType="av" variant="82ef4d27-5547-4ffa-8bbd-14e34325fda7" />
</Timelines>
</Segment>
<Segment duration="1002" startOffset="6954" endOffset="7957">
<File name="media-00007.ts" type="av">
<FileVariant size="37036" variant="82ef4d27-5547-4ffa-8bbd-14e34325fda7" />
</File>
<Timelines>
<Transcode startTime="535" endTime="600" complete="1" fileType="av" variant="82ef4d27-5547-4ffa-8bbd-14e34325fda7" />
<Download startTime="637" endTime="637" complete="1" fileType="av" variant="82ef4d27-5547-4ffa-8bbd-14e34325fda7" />
<Download startTime="1007" endTime="1007" complete="1" fileType="av" variant="82ef4d27-5547-4ffa-8bbd-14e34325fda7" />
</Timelines>
</Segment>
<Segment duration="981" startOffset="7957" endOffset="8938">
<File name="media-00008.ts" type="av">
<FileVariant size="34780" variant="82ef4d27-5547-4ffa-8bbd-14e34325fda7" />
</File>
<Timelines>
<Download startTime="651" endTime="751" complete="1" fileType="av" variant="82ef4d27-5547-4ffa-8bbd-14e34325fda7">
<Pause type="segmentWait" startTime="651" endTime="751" />
</Download>
<Transcode startTime="600" endTime="657" complete="1" fileType="av" variant="82ef4d27-5547-4ffa-8bbd-14e34325fda7" />
<Download startTime="1020" endTime="1021" complete="1" fileType="av" variant="82ef4d27-5547-4ffa-8bbd-14e34325fda7" />
</Timelines>
</Segment>
<Segment duration="1002" startOffset="8938" endOffset="9941">
<File name="media-00009.ts" type="av">
<FileVariant size="35532" variant="82ef4d27-5547-4ffa-8bbd-14e34325fda7" />
</File>
<Timelines>
<Transcode startTime="657" endTime="699" complete="1" fileType="av" variant="82ef4d27-5547-4ffa-8bbd-14e34325fda7" />
<Download startTime="853" endTime="853" complete="1" fileType="av" variant="82ef4d27-5547-4ffa-8bbd-14e34325fda7" />
<Download startTime="1034" endTime="1035" complete="1" fileType="av" variant="82ef4d27-5547-4ffa-8bbd-14e34325fda7" />
</Timelines>
</Segment>
<Segment duration="1002" startOffset="9941" endOffset="10944">
<File name="media-00010.ts" type="av">
<FileVariant size="35720" variant="82ef4d27-5547-4ffa-8bbd-14e34325fda7" />
</File>
<Timelines>
<Transcode startTime="699" endTime="746" complete="1" fileType="av" variant="82ef4d27-5547-4ffa-8bbd-14e34325fda7" />
<Download startTime="864" endTime="865" complete="1" fileType="av" variant="82ef4d27-5547-4ffa-8bbd-14e34325fda7" />
<Download startTime="1045" endTime="1046" complete="1" fileType="av" variant="82ef4d27-5547-4ffa-8bbd-14e34325fda7" />
</Timelines>
</Segment>
<Segment duration="1002" startOffset="10944" endOffset="11946">
<File name="media-00011.ts" type="av">
<FileVariant size="35156" variant="82ef4d27-5547-4ffa-8bbd-14e34325fda7" />
</File>
<Timelines>
<Transcode startTime="746" endTime="797" complete="1" fileType="av" variant="82ef4d27-5547-4ffa-8bbd-14e34325fda7" />
<Download startTime="874" endTime="874" complete="1" fileType="av" variant="82ef4d27-5547-4ffa-8bbd-14e34325fda7" />
<Download startTime="1057" endTime="1057" complete="1" fileType="av" variant="82ef4d27-5547-4ffa-8bbd-14e34325fda7" />
</Timelines>
</Segment>
<Segment duration="1002" startOffset="11946" endOffset="12949">
<File name="media-00012.ts" type="av">
<FileVariant size="34968" variant="82ef4d27-5547-4ffa-8bbd-14e34325fda7" />
</File>
<Timelines>
<Transcode startTime="797" endTime="855" complete="1" fileType="av" variant="82ef4d27-5547-4ffa-8bbd-14e34325fda7" />
<Download startTime="889" endTime="890" complete="1" fileType="av" variant="82ef4d27-5547-4ffa-8bbd-14e34325fda7" />
<Download startTime="1070" endTime="1070" complete="1" fileType="av" variant="82ef4d27-5547-4ffa-8bbd-14e34325fda7" />
</Timelines>
</Segment>
<Segment duration="1002" startOffset="12949" endOffset="13952">
<File name="media-00013.ts" type="av">
<FileVariant size="36848" variant="82ef4d27-5547-4ffa-8bbd-14e34325fda7" />
</File>
<Timelines>
<Transcode startTime="855" endTime="908" complete="1" fileType="av" variant="82ef4d27-5547-4ffa-8bbd-14e34325fda7" />
<Download startTime="1086" endTime="1087" complete="1" fileType="av" variant="82ef4d27-5547-4ffa-8bbd-14e34325fda7" />
</Timelines>
</Segment>
<Segment duration="1002" startOffset="13952" endOffset="14954">
<File name="media-00014.ts" type="av">
<FileVariant size="35344" variant="82ef4d27-5547-4ffa-8bbd-14e34325fda7" />
</File>
<Timelines>
<Transcode startTime="908" endTime="948" complete="1" fileType="av" variant="82ef4d27-5547-4ffa-8bbd-14e34325fda7" />
<Download startTime="1101" endTime="1101" complete="1" fileType="av" variant="82ef4d27-5547-4ffa-8bbd-14e34325fda7" />
</Timelines>
</Segment>
<Segment duration="1002" startOffset="14954" endOffset="15957">
<File name="media-00015.ts" type="av">
<FileVariant size="35344" variant="82ef4d27-5547-4ffa-8bbd-14e34325fda7" />
</File>
<Timelines>
<Transcode startTime="948" endTime="1001" complete="1" fileType="av" variant="82ef4d27-5547-4ffa-8bbd-14e34325fda7" />
<Download startTime="1114" endTime="1115" complete="1" fileType="av" variant="82ef4d27-5547-4ffa-8bbd-14e34325fda7" />
</Timelines>
</Segment>
<Segment duration="981" startOffset="15957" endOffset="16938">
<File name="media-00016.ts" type="av">
<FileVariant size="34780" variant="82ef4d27-5547-4ffa-8bbd-14e34325fda7" />
</File>
<Timelines>
<Transcode startTime="1001" endTime="1040" complete="1" fileType="av" variant="82ef4d27-5547-4ffa-8bbd-14e34325fda7" />
<Download startTime="1124" endTime="1124" complete="1" fileType="av" variant="82ef4d27-5547-4ffa-8bbd-14e34325fda7" />
</Timelines>
</Segment>
<Segment duration="1002" startOffset="16938" endOffset="17941">
<File name="media-00017.ts" type="av">
<FileVariant size="35908" variant="82ef4d27-5547-4ffa-8bbd-14e34325fda7" />
</File>
<Timelines>
<Transcode startTime="1040" endTime="1078" complete="1" fileType="av" variant="82ef4d27-5547-4ffa-8bbd-14e34325fda7" />
<Download startTime="1134" endTime="1134" complete="1" fileType="av" variant="82ef4d27-5547-4ffa-8bbd-14e34325fda7" />
</Timelines>
</Segment>
<Segment duration="1002" startOffset="17941" endOffset="18944">
<File name="media-00018.ts" type="av">
<FileVariant size="36284" variant="82ef4d27-5547-4ffa-8bbd-14e34325fda7" />
</File>
<Timelines>
<Transcode startTime="1078" endTime="1113" complete="1" fileType="av" variant="82ef4d27-5547-4ffa-8bbd-14e34325fda7" />
<Download startTime="1148" endTime="1149" complete="1" fileType="av" variant="82ef4d27-5547-4ffa-8bbd-14e34325fda7" />
</Timelines>
</Segment>
<Segment duration="1002" startOffset="18944" endOffset="19946">
<File name="media-00019.ts" type="av">
<FileVariant size="35532" variant="82ef4d27-5547-4ffa-8bbd-14e34325fda7" />
</File>
<Timelines>
<Transcode startTime="1113" endTime="1160" complete="1" fileType="av" variant="82ef4d27-5547-4ffa-8bbd-14e34325fda7" />
<Download startTime="1164" endTime="1164" complete="1" fileType="av" variant="82ef4d27-5547-4ffa-8bbd-14e34325fda7" />
</Timelines>
</Segment>
<Segment duration="1002" startOffset="19946" endOffset="20949">
<File name="media-00020.ts" type="av">
<FileVariant size="35720" variant="82ef4d27-5547-4ffa-8bbd-14e34325fda7" />
</File>
<Timelines>
<Download startTime="1176" endTime="1276" complete="1" fileType="av" variant="82ef4d27-5547-4ffa-8bbd-14e34325fda7">
<Pause type="segmentWait" startTime="1176" endTime="1276" />
</Download>
<Transcode startTime="1160" endTime="1209" complete="1" fileType="av" variant="82ef4d27-5547-4ffa-8bbd-14e34325fda7" />
</Timelines>
</Segment>
<Segment duration="1002" startOffset="20949" endOffset="21952">
<File name="media-00021.ts" type="av">
<FileVariant size="35532" variant="82ef4d27-5547-4ffa-8bbd-14e34325fda7" />
</File>
<Timelines>
<Transcode startTime="1209" endTime="1258" complete="1" fileType="av" variant="82ef4d27-5547-4ffa-8bbd-14e34325fda7" />
<Download startTime="1344" endTime="1344" complete="1" fileType="av" variant="82ef4d27-5547-4ffa-8bbd-14e34325fda7" />
</Timelines>
</Segment>
<Segment duration="1002" startOffset="21952" endOffset="22954">
<File name="media-00022.ts" type="av">
<FileVariant size="35344" variant="82ef4d27-5547-4ffa-8bbd-14e34325fda7" />
</File>
<Timelines>
<Transcode startTime="1258" endTime="1308" complete="1" fileType="av" variant="82ef4d27-5547-4ffa-8bbd-14e34325fda7" />
<Download startTime="1353" endTime="1354" complete="1" fileType="av" variant="82ef4d27-5547-4ffa-8bbd-14e34325fda7">
<Pause type="segmentWait" startTime="1353" endTime="1354" />
</Download>
</Timelines>
</Segment>
<Segment duration="1002" startOffset="22954" endOffset="23957">
<File name="media-00023.ts" type="av">
<FileVariant size="35720" variant="82ef4d27-5547-4ffa-8bbd-14e34325fda7" />
</File>
<Timelines>
<Download startTime="1366" endTime="1466" complete="1" fileType="av" variant="82ef4d27-5547-4ffa-8bbd-14e34325fda7">
<Pause type="segmentWait" startTime="1366" endTime="1466" />
</Download>
<Transcode startTime="1308" endTime="1368" complete="1" fileType="av" variant="82ef4d27-5547-4ffa-8bbd-14e34325fda7" />
</Timelines>
</Segment>
<Segment duration="981" startOffset="23957" endOffset="24938">
<File name="media-00024.ts" type="av">
<FileVariant size="35532" variant="82ef4d27-5547-4ffa-8bbd-14e34325fda7" />
</File>
<Timelines>
<Transcode startTime="1368" endTime="1428" complete="1" fileType="av" variant="82ef4d27-5547-4ffa-8bbd-14e34325fda7" />
<Download startTime="1475" endTime="1475" complete="1" fileType="av" variant="82ef4d27-5547-4ffa-8bbd-14e34325fda7" />
</Timelines>
</Segment>
<Segment duration="1002" startOffset="24938" endOffset="25941">
<File name="media-00025.ts" type="av">
<FileVariant size="35156" variant="82ef4d27-5547-4ffa-8bbd-14e34325fda7" />
</File>
<Timelines>
<Transcode startTime="1428" endTime="1473" complete="1" fileType="av" variant="82ef4d27-5547-4ffa-8bbd-14e34325fda7" />
<Download startTime="1482" endTime="1482" complete="1" fileType="av" variant="82ef4d27-5547-4ffa-8bbd-14e34325fda7" />
</Timelines>
</Segment>
<Segment duration="1002" startOffset="25941" endOffset="26944">
<File name="media-00026.ts" type="av">
<FileVariant size="36096" variant="82ef4d27-5547-4ffa-8bbd-14e34325fda7" />
</File>
<Timelines>
<Download startTime="1494" endTime="1595" complete="1" fileType="av" variant="82ef4d27-5547-4ffa-8bbd-14e34325fda7">
<Pause type="segmentWait" startTime="1494" endTime="1594" />
</Download>
<Transcode startTime="1473" endTime="1519" complete="1" fileType="av" variant="82ef4d27-5547-4ffa-8bbd-14e34325fda7" />
</Timelines>
</Segment>
<Segment duration="1002" startOffset="26944" endOffset="27946">
<File name="media-00027.ts" type="av">
<FileVariant size="35344" variant="82ef4d27-5547-4ffa-8bbd-14e34325fda7" />
</File>
<Timelines>
<Transcode startTime="1519" endTime="1575" complete="1" fileType="av" variant="82ef4d27-5547-4ffa-8bbd-14e34325fda7" />
<Download startTime="1606" endTime="1606" complete="1" fileType="av" variant="82ef4d27-5547-4ffa-8bbd-14e34325fda7" />
</Timelines>
</Segment>
<Segment duration="1002" startOffset="27946" endOffset="28949">
<File name="media-00028.ts" type="av">
<FileVariant size="35344" variant="82ef4d27-5547-4ffa-8bbd-14e34325fda7" />
</File>
<Timelines>
<Download startTime="1614" endTime="1715" complete="1" fileType="av" variant="82ef4d27-5547-4ffa-8bbd-14e34325fda7">
<Pause type="segmentWait" startTime="1614" endTime="1714" />
</Download>
<Transcode startTime="1575" endTime="1623" complete="1" fileType="av" variant="82ef4d27-5547-4ffa-8bbd-14e34325fda7" />
</Timelines>
</Segment>
<Segment duration="402" startOffset="28949" endOffset="29352">
<File name="media-00029.ts" type="av">
<FileVariant size="13724" variant="82ef4d27-5547-4ffa-8bbd-14e34325fda7" />
</File>
<Timelines>
<Transcode startTime="1623" endTime="1640" complete="1" fileType="av" variant="82ef4d27-5547-4ffa-8bbd-14e34325fda7" />
<Download startTime="1835" endTime="1835" complete="1" fileType="av" variant="82ef4d27-5547-4ffa-8bbd-14e34325fda7" />
</Timelines>
</Segment>
</SegmentList>
<PlaybackReports>
<Playback startTime="89249" endTime="89249" state="buffering" progress="0" />
</PlaybackReports>
<StateReports />
<StateReports />
</SessionReport>
