May 03, 2024 18:12:33.264 [0x7fff8d3a7b08] INFO - Plex Tuner Service v1.40.2.8395-c67dce28e - Docker Docker Container (LinuxServer.io) aarch64 - build: 
May 03, 2024 18:12:33.264 [0x7fff8d3a7b08] INFO - Linux version: 6.6.28+rpt-rpi-2712 (#1 SMP PREEMPT Debian 1:6.6.28-1+rpt1 (2024-04-22)), language: en-US
May 03, 2024 18:12:33.264 [0x7fff8d3a7b08] INFO - Processor Unknown architecture
May 03, 2024 18:12:33.264 [0x7fff8d3a7b08] INFO - /usr/lib/plexmediaserver/Plex Tuner Service /usr/lib/plexmediaserver/Resources/Tuner/Private /usr/lib/plexmediaserver/Resources/Tuner/Shared 1.40.2.8395-c67dce28e 32600
May 03, 2024 18:12:33.263 [0x7fff8f369890] INFO - [I] broker_t::start...
May 03, 2024 18:12:33.274 [0x7fff8f369890] INFO - [I] device_manager_t::init.
May 03, 2024 18:12:33.274 [0x7fff8f369890] INFO - [I] device_manager_t::init. Initialize provider manager
May 03, 2024 18:12:33.274 [0x7fff8f369890] INFO - [I] device_manager_t::init. Initialize all device auxes
May 03, 2024 18:12:33.274 [0x7fff8f369890] INFO - [I] dvb_device_factory_t::get_aux_list
May 03, 2024 18:12:33.275 [0x7fff8f369890] INFO - [I] tvbutler_aux_t::init
May 03, 2024 18:12:33.278 [0x7fff8f369890] INFO - [I] web_server_t::start. Starting web server on port 32600
May 03, 2024 18:12:39.495 [0x7fff8d077b08] INFO - [I] web_service_t::process_device_discovery
May 03, 2024 18:12:39.495 [0x7fff8d077b08] INFO - [I] device_reactor_t::get_device_list ()
May 03, 2024 18:12:41.498 [0x7fff8d077b08] INFO - [I] SAT2IP - discover_satip_servers(): no servers found
May 03, 2024 18:12:41.917 [0x7fff8d077b08] INFO - [I] v4l::DeviceGetList_impl. getting v4l device list
May 03, 2024 18:12:41.919 [0x7fff8d077b08] INFO - [I] onetv_factory::DeviceGetListEx >>
May 03, 2024 18:12:41.919 [0x7fff8d077b08] WARN - [W] onetv_factory::DeviceGetListEx. libusb_init returned an error -99
May 10, 2024 01:28:02.930 [0x7fff8f369890] INFO - Received SIGINT: Interrupt from keyboard.
May 10, 2024 01:28:02.999 [0x7fff8f369890] INFO - [I] device_manager_t::term
May 10, 2024 01:28:02.999 [0x7fff8f369890] INFO - [I] device_manager_t::term. Stop all devices
May 10, 2024 01:28:02.999 [0x7fff8f369890] INFO - [I] device_manager_t::term. Shut down all device auxes
May 10, 2024 01:28:03.012 [0x7fff8f369890] INFO - [I] tvbutler_aux_t::term
May 10, 2024 01:28:03.094 [0x7fff8f369890] INFO - [I] web_server_t::stop. Web server is stopped
May 10, 2024 01:28:03.094 [0x7fff8f369890] INFO - [I] device_manager_t::term
May 10, 2024 01:28:03.094 [0x7fff8f369890] INFO - [I] device_manager_t::term. Stop all devices
May 10, 2024 01:28:03.094 [0x7fff8f369890] INFO - [I] device_manager_t::term. Shut down all device auxes
May 10, 2024 01:28:03.127 [0x7fff8f369890] INFO - [I] broker_t::shutdown. Shutdown is completed.
