May 11, 2024 02:10:06.699 [140732741119480] INFO - Plex Media Scanner v1.40.2.8395-c67dce28e - Docker Docker Container (LinuxServer.io) aarch64 - build: linux-aarch64 - GMT 02:00
May 11, 2024 02:10:06.700 [140732741119480] INFO - Linux version: 6.6.28+rpt-rpi-2712, language: en-US
May 11, 2024 02:10:06.700 [140732741119480] INFO - Processor: 4-core AArch64
May 11, 2024 02:10:06.700 [140732741119480] INFO - /usr/lib/plexmediaserver/Plex Media Scanner --analyze-deeply --item 154 --log-file-suffix  Deep Analysis
May 11, 2024 02:10:06.700 [140732821397688] DEBUG - Opening 20 database sessions to library (com.plexapp.plugins.library), SQLite 3.39.4, threadsafe=1
May 11, 2024 02:10:06.781 [140732821397688] DEBUG - [MI] Opening input file: "/tv/Project Runway (2004) {imdb-tt0437741}/Season 19/Project Runway (2004) - S19E14 - Finale [WEBRip-1080p][AAC 2.0][x264]-KOMPOST.mkv"
May 11, 2024 02:10:06.781 [140732821397688] DEBUG - [FFMPEG] - Opening '/tv/Project Runway (2004) {imdb-tt0437741}/Season 19/Project Runway (2004) - S19E14 - Finale [WEBRip-1080p][AAC 2.0][x264]-KOMPOST.mkv' for reading
May 11, 2024 02:10:06.782 [140732821397688] DEBUG - [FFMPEG] - Setting default whitelist 'file,crypto,data'
May 11, 2024 02:10:06.787 [140732821397688] DEBUG - [FFMPEG] - Format matroska,webm probed with size=2048 and score=100
May 11, 2024 02:10:06.787 [140732821397688] DEBUG - [FFMPEG] - Unknown entry 0x22B59D at pos. 4365
May 11, 2024 02:10:06.787 [140732821397688] DEBUG - [FFMPEG] - Unknown entry 0x22B59D at pos. 4434
May 11, 2024 02:10:06.787 [140732821397688] DEBUG - [FFMPEG] - Unknown entry 0x22B59D at pos. 4489
May 11, 2024 02:10:06.797 [140732821397688] DEBUG - [FFMPEG] - st:0 removing common factor 1000000 from timebase
May 11, 2024 02:10:06.797 [140732821397688] DEBUG - [FFMPEG] - st:1 removing common factor 1000000 from timebase
May 11, 2024 02:10:06.797 [140732821397688] DEBUG - [FFMPEG] - st:2 removing common factor 1000000 from timebase
May 11, 2024 02:10:06.797 [140732821397688] DEBUG - [FFMPEG] - Before avformat_find_stream_info() pos: 5653 bytes read:33739 seeks:2 nb_streams:3
May 11, 2024 02:10:06.797 [140732821397688] DEBUG - [FFMPEG] - nal_unit_type: 7(SPS), nal_ref_idc: 3
May 11, 2024 02:10:06.797 [140732821397688] DEBUG - [FFMPEG] - nal_unit_type: 8(PPS), nal_ref_idc: 3
May 11, 2024 02:10:06.797 [140732821397688] DEBUG - [FFMPEG] - nal_unit_type: 7(SPS), nal_ref_idc: 3
May 11, 2024 02:10:06.797 [140732821397688] DEBUG - [FFMPEG] - nal_unit_type: 8(PPS), nal_ref_idc: 3
May 11, 2024 02:10:06.798 [140732821397688] DEBUG - [FFMPEG] - nal_unit_type: 6(SEI), nal_ref_idc: 0
May 11, 2024 02:10:06.798 [140732821397688] DEBUG - [FFMPEG] - nal_unit_type: 5(IDR), nal_ref_idc: 3
May 11, 2024 02:10:06.798 [140732821397688] DEBUG - [FFMPEG] - Format yuv420p chosen by get_format().
May 11, 2024 02:10:06.800 [140732821397688] DEBUG - [FFMPEG] - no picture 
May 11, 2024 02:10:06.803 [140732821397688] DEBUG - [FFMPEG] - nal_unit_type: 1(Coded slice of a non-IDR picture), nal_ref_idc: 2
May 11, 2024 02:10:06.806 [140732821397688] DEBUG - [FFMPEG] - no picture 
May 11, 2024 02:10:06.809 [140732821397688] DEBUG - [FFMPEG] - nal_unit_type: 1(Coded slice of a non-IDR picture), nal_ref_idc: 2
May 11, 2024 02:10:06.815 [140732821397688] DEBUG - [FFMPEG] - nal_unit_type: 1(Coded slice of a non-IDR picture), nal_ref_idc: 0
May 11, 2024 02:10:06.822 [140732821397688] DEBUG - [FFMPEG] - nal_unit_type: 1(Coded slice of a non-IDR picture), nal_ref_idc: 2
May 11, 2024 02:10:06.830 [140732821397688] DEBUG - [FFMPEG] - nal_unit_type: 1(Coded slice of a non-IDR picture), nal_ref_idc: 2
May 11, 2024 02:10:06.843 [140732821397688] DEBUG - [FFMPEG] - nal_unit_type: 1(Coded slice of a non-IDR picture), nal_ref_idc: 2
May 11, 2024 02:10:06.848 [140732821397688] DEBUG - [FFMPEG] - nal_unit_type: 1(Coded slice of a non-IDR picture), nal_ref_idc: 2
May 11, 2024 02:10:06.853 [140732821397688] DEBUG - [FFMPEG] - nal_unit_type: 1(Coded slice of a non-IDR picture), nal_ref_idc: 0
May 11, 2024 02:10:06.859 [140732821397688] DEBUG - [FFMPEG] - All info found
May 11, 2024 02:10:06.860 [140732821397688] DEBUG - [FFMPEG] - After avformat_find_stream_info() pos: 80664 bytes read:132043 seeks:2 frames:34
May 11, 2024 02:10:08.333 [140732821397688] DEBUG - Deep Analysis: Read 10000 packets at 140.480000
May 11, 2024 02:10:10.273 [140732821397688] DEBUG - Deep Analysis: Read 20000 packets at 280.873000
May 11, 2024 02:10:11.933 [140732821397688] DEBUG - Deep Analysis: Read 30000 packets at 421.120000
May 11, 2024 02:10:13.498 [140732821397688] DEBUG - Deep Analysis: Read 40000 packets at 561.472000
May 11, 2024 02:10:14.861 [140732821397688] DEBUG - Deep Analysis: Read 50000 packets at 701.717000
May 11, 2024 02:10:16.270 [140732821397688] DEBUG - Deep Analysis: Read 60000 packets at 841.883000
May 11, 2024 02:10:17.597 [140732821397688] DEBUG - Deep Analysis: Read 70000 packets at 982.358000
May 11, 2024 02:10:18.872 [140732821397688] DEBUG - Deep Analysis: Read 80000 packets at 1122.413000
May 11, 2024 02:10:20.134 [140732821397688] DEBUG - Deep Analysis: Read 90000 packets at 1262.803000
May 11, 2024 02:10:21.975 [140732821397688] DEBUG - Deep Analysis: Read 100000 packets at 1403.264000
May 11, 2024 02:10:23.741 [140732821397688] DEBUG - Deep Analysis: Read 110000 packets at 1543.375000
May 11, 2024 02:10:25.304 [140732821397688] DEBUG - Deep Analysis: Read 120000 packets at 1683.765000
May 11, 2024 02:10:26.972 [140732821397688] DEBUG - Deep Analysis: Read 130000 packets at 1823.947000
May 11, 2024 02:10:28.515 [140732821397688] DEBUG - Deep Analysis: Read 140000 packets at 1964.479000
May 11, 2024 02:10:30.035 [140732821397688] DEBUG - Deep Analysis: Read 150000 packets at 2104.788000
May 11, 2024 02:10:31.547 [140732821397688] DEBUG - Deep Analysis: Read 160000 packets at 2244.909000
May 11, 2024 02:10:33.035 [140732821397688] DEBUG - Deep Analysis: Read 170000 packets at 2385.386000
May 11, 2024 02:10:34.674 [140732821397688] DEBUG - Deep Analysis: Read 180000 packets at 2525.356000
May 11, 2024 02:10:36.493 [140732821397688] DEBUG - Deep Analysis: Read 190000 packets at 2665.792000
May 11, 2024 02:10:38.046 [140732821397688] DEBUG - Deep Analysis: Read 200000 packets at 2805.886000
May 11, 2024 02:10:39.614 [140732821397688] DEBUG - Deep Analysis: Read 210000 packets at 2946.453000
May 11, 2024 02:10:41.283 [140732821397688] DEBUG - Deep Analysis: Read 220000 packets at 3086.718000
May 11, 2024 02:10:42.758 [140732821397688] DEBUG - Deep Analysis: Read 230000 packets at 3227.136000
May 11, 2024 02:10:44.503 [140732821397688] DEBUG - Deep Analysis: Read 240000 packets at 3368.022000
May 11, 2024 02:10:46.134 [140732821397688] DEBUG - Deep Analysis: Read 250000 packets at 3508.714000
May 11, 2024 02:10:48.073 [140732821397688] DEBUG - Deep Analysis: Read 260000 packets at 3649.663000
May 11, 2024 02:10:49.890 [140732821397688] DEBUG - Deep Analysis: Read 270000 packets at 3790.292000
May 11, 2024 02:10:51.561 [140732821397688] DEBUG - Deep Analysis: Read 280000 packets at 3930.802000
May 11, 2024 02:10:52.996 [140732821397688] DEBUG - Deep Analysis: Read 290000 packets at 4071.573000
May 11, 2024 02:10:54.735 [140732821397688] DEBUG - Deep Analysis: Read 300000 packets at 4212.202000
May 11, 2024 02:10:56.050 [140732821397688] DEBUG - Deep Analysis: Read 310000 packets at 4352.596000
May 11, 2024 02:10:57.351 [140732821397688] DEBUG - Deep Analysis: Read 320000 packets at 4492.927000
May 11, 2024 02:10:58.644 [140732821397688] DEBUG - Deep Analysis: Read 330000 packets at 4633.045000
May 11, 2024 02:10:59.862 [140732821397688] DEBUG - Deep Analysis: Read 340000 packets at 4773.269000
May 11, 2024 02:11:01.124 [140732821397688] DEBUG - Deep Analysis: Read 350000 packets at 4913.700000
May 11, 2024 02:11:02.351 [140732821397688] DEBUG - Deep Analysis: Read 360000 packets at 5054.379000
May 11, 2024 02:11:03.931 [140732821397688] DEBUG - Deep Analysis: Read 370000 packets at 5194.773000
May 11, 2024 02:11:04.671 [140732821397688] DEBUG - Deep Analysis: Sorting packets
May 11, 2024 02:11:04.698 [140732821397688] DEBUG - Deep Analysis: Performing file bitrate analysis
May 11, 2024 02:11:04.790 [140732821397688] DEBUG - Deep Analysis: Performing stream bitrate analysis on stream 0
May 11, 2024 02:11:04.814 [140732821397688] DEBUG - Deep Analysis: Performing stream bitrate analysis on stream 1
May 11, 2024 02:11:04.844 [140732821397688] DEBUG - Deep Analysis: Performing stream bitrate analysis on stream 2
May 11, 2024 02:11:04.845 [140732821397688] DEBUG - Deep Analysis: Saving GoP analysis for stream 0
May 11, 2024 02:11:04.847 [140732821397688] DEBUG - Deep Analysis: Saving bitrate analysis
May 11, 2024 02:11:04.848 [140732821397688] DEBUG - Updating part with ID=140 [/tv/Project Runway (2004) {imdb-tt0437741}/Season 19/Project Runway (2004) - S19E14 - Finale [WEBRip-1080p][AAC 2.0][x264]-KOMPOST.mkv]
May 11, 2024 02:11:04.946 [140732821397688] DEBUG - [MI] Closing input file: "/tv/Project Runway (2004) {imdb-tt0437741}/Season 19/Project Runway (2004) - S19E14 - Finale [WEBRip-1080p][AAC 2.0][x264]-KOMPOST.mkv"
May 11, 2024 02:11:04.947 [140732821397688] DEBUG - Updating media item 140, size=4886963124, metadata_item_id=154
