<SessionReport version="2" startTime="0" startTimestamp="May 26, 2024 01:49:36.777" key="/library/metadata/195" session="mhbgkresozhjxjrpbx651glr" transcode="cnxwes2l2lnf5j95myub3cfs">
<User id="1" thumb="https://plex.tv/users/9c7ca592bba3d609/avatar?c=1716590610" title="rhel625" />
<Player address="192.168.1.228" device="webOS 7.4.0" machineIdentifier="mhbgkresozhjxjrpbx651glr" model="50UQ80006LB" platform="webOS" platformVersion="7.4.0" product="Plex for LG" title="LG 50UQ80006LB" vendor="LG" version="5.82.2" local="1" relayed="0" secure="0" userID="1" />
<Variants>
<Variant id="c2e27660-f74e-4fd3-87af-62de2bc59da1" targetBitrate="10000000" context="streaming" sourceVideoCodec="hevc" sourceAudioCodec="eac3" videoDecision="transcode" audioDecision="copy" protocol="hls" container="mpegts" videoCodec="h264" audioCodec="eac3" audioChannels="6" transcodeHwRequested="0" transcodeHwFullPipeline="0">
<Media id="181" videoProfile="main 10" audioChannels="6" audioCodec="eac3" container="mpegts" duration="7871363" height="2066" protocol="hls" videoCodec="h264" videoFrameRate="24p" videoResolution="4K" width="3822" selected="1">
<Part accessible="1" deepAnalysisVersion="6" exists="1" id="181" requiredBandwidths="38122,29734,29199,28464,27736,27234,26644,26644" videoProfile="main 10" container="mpegts" duration="7871363" height="2066" protocol="hls" width="3822" decision="transcode" selected="1">
<Stream bitrate="2147483647" codec="h264" default="1" displayTitle="4K DoVi/HDR10 (HEVC Main 10)" extendedDisplayTitle="4K DoVi/HDR10 (HEVC Main 10)" frameRate="23.975999832153320" height="2066" id="665" language="English" languageCode="eng" languageTag="en" requiredBandwidths="37353,28966,28430,27695,26967,26463,25875,25875" streamType="1" width="3822" decision="transcode" location="segments-av" />
<Stream audioChannelLayout="5.1(side)" bitrate="768" bitrateMode="cbr" channels="6" codec="eac3" default="1" displayTitle="English (EAC3 5.1)" extendedDisplayTitle="English (EAC3 5.1)" id="666" language="English" languageCode="eng" languageTag="en" requiredBandwidths="768,768,768,768,768,768,768,768" samplingRate="48000" selected="1" streamType="2" decision="copy" location="segments-av" />
</Part>
</Media>
</Variant>
</Variants>
<SegmentList>
<Segment duration="1000" startOffset="0" endOffset="1000">
<File name="media-00000.ts" type="av">
<FileVariant size="107536" variant="c2e27660-f74e-4fd3-87af-62de2bc59da1" />
</File>
<Timelines>
<Transcode startTime="187" endTime="3449" complete="1" fileType="av" variant="c2e27660-f74e-4fd3-87af-62de2bc59da1" />
</Timelines>
</Segment>
<Segment duration="1000" startOffset="1000" endOffset="2001">
<File name="media-00001.ts" type="av">
<FileVariant size="113176" variant="c2e27660-f74e-4fd3-87af-62de2bc59da1" />
</File>
<Timelines>
<Transcode startTime="3449" endTime="5075" complete="1" fileType="av" variant="c2e27660-f74e-4fd3-87af-62de2bc59da1" />
</Timelines>
</Segment>
<Segment duration="1001" startOffset="2001" endOffset="3003">
<File name="media-00002.ts" type="av">
<FileVariant size="116372" variant="c2e27660-f74e-4fd3-87af-62de2bc59da1" />
</File>
<Timelines>
<Transcode startTime="5075" endTime="6764" complete="1" fileType="av" variant="c2e27660-f74e-4fd3-87af-62de2bc59da1" />
</Timelines>
</Segment>
<Segment duration="1001" startOffset="3003" endOffset="4004">
<File name="media-00003.ts" type="av">
<FileVariant size="113176" variant="c2e27660-f74e-4fd3-87af-62de2bc59da1" />
</File>
<Timelines>
<Transcode startTime="6764" endTime="8941" complete="1" fileType="av" variant="c2e27660-f74e-4fd3-87af-62de2bc59da1" />
</Timelines>
</Segment>
<Segment duration="959" startOffset="4003" endOffset="4963">
<File name="media-00004.ts" type="av">
<FileVariant size="109228" variant="c2e27660-f74e-4fd3-87af-62de2bc59da1" />
</File>
<Timelines>
<Transcode startTime="8941" endTime="12251" complete="1" fileType="av" variant="c2e27660-f74e-4fd3-87af-62de2bc59da1" />
</Timelines>
</Segment>
<Segment duration="1042" startOffset="4963" endOffset="6006">
<File name="media-00005.ts" type="av">
<FileVariant size="6435616" variant="c2e27660-f74e-4fd3-87af-62de2bc59da1" />
</File>
<Timelines>
<Transcode startTime="12251" endTime="16265" complete="1" fileType="av" variant="c2e27660-f74e-4fd3-87af-62de2bc59da1" />
</Timelines>
</Segment>
<Segment duration="1001" startOffset="6006" endOffset="7007">
<File name="media-00006.ts" type="av">
<FileVariant size="5480764" variant="c2e27660-f74e-4fd3-87af-62de2bc59da1" />
</File>
<Timelines>
<Transcode startTime="16265" endTime="19750" complete="1" fileType="av" variant="c2e27660-f74e-4fd3-87af-62de2bc59da1" />
</Timelines>
</Segment>
<Segment duration="1000" startOffset="7007" endOffset="8008">
<File name="media-00007.ts" type="av">
<FileVariant size="4918644" variant="c2e27660-f74e-4fd3-87af-62de2bc59da1" />
</File>
<Timelines>
<Transcode startTime="19750" endTime="23043" complete="1" fileType="av" variant="c2e27660-f74e-4fd3-87af-62de2bc59da1" />
</Timelines>
</Segment>
<Segment duration="1000" startOffset="8008" endOffset="9009">
<File name="media-00008.ts" type="av">
<FileVariant size="4794940" variant="c2e27660-f74e-4fd3-87af-62de2bc59da1" />
</File>
<Timelines>
<Transcode startTime="23043" endTime="26785" complete="1" fileType="av" variant="c2e27660-f74e-4fd3-87af-62de2bc59da1" />
</Timelines>
</Segment>
<Segment duration="1001" startOffset="9009" endOffset="10010">
<File name="media-00009.ts" type="av">
<FileVariant size="5805064" variant="c2e27660-f74e-4fd3-87af-62de2bc59da1" />
</File>
<Timelines>
<Transcode startTime="26785" endTime="30482" complete="1" fileType="av" variant="c2e27660-f74e-4fd3-87af-62de2bc59da1" />
</Timelines>
</Segment>
<Segment duration="1000" startOffset="10010" endOffset="11011">
<File name="media-00010.ts" type="av">
<FileVariant size="5242380" variant="c2e27660-f74e-4fd3-87af-62de2bc59da1" />
</File>
<Timelines>
<Transcode startTime="30482" endTime="33894" complete="1" fileType="av" variant="c2e27660-f74e-4fd3-87af-62de2bc59da1" />
</Timelines>
</Segment>
<Segment duration="1000" startOffset="11011" endOffset="12012">
<File name="media-00011.ts" type="av">
<FileVariant size="5007944" variant="c2e27660-f74e-4fd3-87af-62de2bc59da1" />
</File>
<Timelines>
<Transcode startTime="33894" endTime="37372" complete="1" fileType="av" variant="c2e27660-f74e-4fd3-87af-62de2bc59da1" />
</Timelines>
</Segment>
<Segment duration="1001" startOffset="12012" endOffset="13013">
<File name="media-00012.ts" type="av">
<FileVariant size="3957776" variant="c2e27660-f74e-4fd3-87af-62de2bc59da1" />
</File>
<Timelines>
<Transcode startTime="37372" endTime="41023" complete="1" fileType="av" variant="c2e27660-f74e-4fd3-87af-62de2bc59da1" />
</Timelines>
</Segment>
<Segment duration="1001" startOffset="13013" endOffset="14014">
<File name="media-00013.ts" type="av">
<FileVariant size="4026020" variant="c2e27660-f74e-4fd3-87af-62de2bc59da1" />
</File>
<Timelines>
<Transcode startTime="41023" endTime="44502" complete="1" fileType="av" variant="c2e27660-f74e-4fd3-87af-62de2bc59da1" />
</Timelines>
</Segment>
<Segment duration="1001" startOffset="14014" endOffset="15015">
<File name="media-00014.ts" type="av">
<FileVariant size="4032412" variant="c2e27660-f74e-4fd3-87af-62de2bc59da1" />
</File>
<Timelines>
<Transcode startTime="44502" endTime="48156" complete="1" fileType="av" variant="c2e27660-f74e-4fd3-87af-62de2bc59da1" />
</Timelines>
</Segment>
<Segment duration="1001" startOffset="15015" endOffset="16016">
<File name="media-00015.ts" type="av">
<FileVariant size="3943112" variant="c2e27660-f74e-4fd3-87af-62de2bc59da1" />
</File>
<Timelines>
<Transcode startTime="48156" endTime="51920" complete="1" fileType="av" variant="c2e27660-f74e-4fd3-87af-62de2bc59da1" />
</Timelines>
</Segment>
<Segment duration="1001" startOffset="16016" endOffset="17017">
<File name="media-00016.ts" type="av">
<FileVariant size="4114192" variant="c2e27660-f74e-4fd3-87af-62de2bc59da1" />
</File>
<Timelines>
<Transcode startTime="51920" endTime="55113" complete="1" fileType="av" variant="c2e27660-f74e-4fd3-87af-62de2bc59da1" />
</Timelines>
</Segment>
<Segment duration="1000" startOffset="17017" endOffset="18018">
<File name="media-00017.ts" type="av">
<FileVariant size="3847232" variant="c2e27660-f74e-4fd3-87af-62de2bc59da1" />
</File>
<Timelines>
<Transcode startTime="55113" endTime="58196" complete="1" fileType="av" variant="c2e27660-f74e-4fd3-87af-62de2bc59da1" />
</Timelines>
</Segment>
<Segment duration="1001" startOffset="18018" endOffset="19019">
<File name="media-00018.ts" type="av">
<FileVariant size="2631248" variant="c2e27660-f74e-4fd3-87af-62de2bc59da1" />
</File>
<Timelines>
<Transcode startTime="58196" endTime="61428" complete="1" fileType="av" variant="c2e27660-f74e-4fd3-87af-62de2bc59da1" />
</Timelines>
</Segment>
<Segment duration="1001" startOffset="19019" endOffset="20020">
<File name="media-00019.ts" type="av">
<FileVariant size="2594024" variant="c2e27660-f74e-4fd3-87af-62de2bc59da1" />
</File>
<Timelines>
<Transcode startTime="61428" endTime="64426" complete="1" fileType="av" variant="c2e27660-f74e-4fd3-87af-62de2bc59da1" />
</Timelines>
</Segment>
<Segment duration="1000" startOffset="20020" endOffset="21021">
<File name="media-00020.ts" type="av">
<FileVariant size="2741792" variant="c2e27660-f74e-4fd3-87af-62de2bc59da1" />
</File>
<Timelines>
<Transcode startTime="64426" endTime="67367" complete="1" fileType="av" variant="c2e27660-f74e-4fd3-87af-62de2bc59da1" />
</Timelines>
</Segment>
</SegmentList>
<PlaybackReports>
<Playback startTime="67458" endTime="67459" state="buffering" progress="0" />
</PlaybackReports>
<StateReports />
<StateReports />
</SessionReport>
