May 10, 2024 01:29:11.421 [0x7ffeea09fb08] INFO - Plex Tuner Service v1.40.2.8395-c67dce28e - Docker Docker Container (LinuxServer.io) aarch64 - build: 
May 10, 2024 01:29:11.421 [0x7ffeea09fb08] INFO - Linux version: 6.6.28+rpt-rpi-2712 (#1 SMP PREEMPT Debian 1:6.6.28-1+rpt1 (2024-04-22)), language: en-US
May 10, 2024 01:29:11.421 [0x7ffeea09fb08] INFO - Processor Unknown architecture
May 10, 2024 01:29:11.421 [0x7ffeea09fb08] INFO - /usr/lib/plexmediaserver/Plex Tuner Service /usr/lib/plexmediaserver/Resources/Tuner/Private /usr/lib/plexmediaserver/Resources/Tuner/Shared 1.40.2.8395-c67dce28e 32600
May 10, 2024 01:29:11.420 [0x7ffeec061890] INFO - [I] broker_t::start...
May 10, 2024 01:29:11.454 [0x7ffeec061890] INFO - [I] device_manager_t::init.
May 10, 2024 01:29:11.454 [0x7ffeec061890] INFO - [I] device_manager_t::init. Initialize provider manager
May 10, 2024 01:29:11.454 [0x7ffeec061890] INFO - [I] device_manager_t::init. Initialize all device auxes
May 10, 2024 01:29:11.454 [0x7ffeec061890] INFO - [I] dvb_device_factory_t::get_aux_list
May 10, 2024 01:29:11.454 [0x7ffeec061890] INFO - [I] tvbutler_aux_t::init
May 10, 2024 01:29:11.456 [0x7ffeec061890] INFO - [I] web_server_t::start. Starting web server on port 32600
May 10, 2024 01:29:18.664 [0x7ffee9d6fb08] INFO - [I] web_service_t::process_device_discovery
May 10, 2024 01:29:18.664 [0x7ffee9d6fb08] INFO - [I] device_reactor_t::get_device_list ()
May 10, 2024 01:29:20.666 [0x7ffee9d6fb08] INFO - [I] SAT2IP - discover_satip_servers(): no servers found
May 10, 2024 01:29:21.084 [0x7ffee9d6fb08] INFO - [I] v4l::DeviceGetList_impl. getting v4l device list
May 10, 2024 01:29:21.086 [0x7ffee9d6fb08] INFO - [I] onetv_factory::DeviceGetListEx >>
May 10, 2024 01:29:21.086 [0x7ffee9d6fb08] WARN - [W] onetv_factory::DeviceGetListEx. libusb_init returned an error -99
May 10, 2024 21:54:29.951 [0x7ffeec061890] INFO - Received SIGINT: Interrupt from keyboard.
May 10, 2024 21:54:29.991 [0x7ffeec061890] INFO - [I] device_manager_t::term
May 10, 2024 21:54:29.991 [0x7ffeec061890] INFO - [I] device_manager_t::term. Stop all devices
