<SessionReport version="2" startTime="0" startTimestamp="May 09, 2024 23:59:19.111" key="/library/metadata/38" session="mhbgkresozhjxjrpbx651glr" transcode="tnb4vkzv8jenrjfsmp23qa20">
<User id="1" thumb="https://plex.tv/users/9c7ca592bba3d609/avatar?c=1715269234" title="rhel625" />
<Player address="192.168.1.228" device="webOS 7.3.1" machineIdentifier="mhbgkresozhjxjrpbx651glr" model="50UQ80006LB" platform="webOS" platformVersion="7.3.1" product="Plex for LG" remotePublicAddress="79.116.12.229" title="LG 50UQ80006LB" vendor="LG" version="5.81.1" local="1" relayed="0" secure="0" userID="1" />
<Variants>
<Variant id="9eee45bd-4885-4412-b5bc-5d15e8281eb8" targetBitrate="10000000" context="streaming" sourceVideoCodec="h264" sourceAudioCodec="eac3" videoDecision="transcode" audioDecision="copy" subtitleDecision="burn" protocol="hls" container="mpegts" videoCodec="h264" audioCodec="eac3" audioChannels="2" transcodeHwRequested="0" transcodeHwFullPipeline="0">
<Media id="32" videoProfile="high" audioChannels="2" audioCodec="eac3" container="mpegts" duration="1370140" height="1080" protocol="hls" videoCodec="h264" videoFrameRate="24p" videoResolution="1080p" width="1920" selected="1">
<Part deepAnalysisVersion="6" id="32" requiredBandwidths="10946,9841,8998,8998,8998,8998,8998,8998" videoProfile="high" container="mpegts" duration="1370140" height="1080" protocol="hls" width="1920" decision="transcode" selected="1">
<Stream bitrate="2147483647" codec="h264" default="1" displayTitle="1080p (H.264)" extendedDisplayTitle="Crunchyroll WEB-DL (1080p H.264)" frameRate="23.975999832153320" height="1080" id="113" language="&#26085;&#26412;&#35486;" languageCode="jpn" languageTag="ja" requiredBandwidths="10594,9489,8698,8698,8698,8698,8698,8698" streamType="1" width="1920" decision="transcode" location="segments-av" />
<Stream audioChannelLayout="stereo" bitrate="224" bitrateMode="cbr" channels="2" codec="eac3" default="1" displayTitle="&#26085;&#26412;&#35486; (EAC3 Stereo)" extendedDisplayTitle="Japanese 2ch (&#26085;&#26412;&#35486; EAC3 Stereo)" id="114" language="&#26085;&#26412;&#35486;" languageCode="jpn" languageTag="ja" requiredBandwidths="224,224,224,224,224,224,224,224" samplingRate="48000" selected="1" streamType="2" title="Japanese 2ch" decision="copy" location="segments-av" />
<Stream bitrate="0" burn="1" codec="ass" default="1" displayTitle="English (ASS)" extendedDisplayTitle="Full Subtitles [LostYears] (English ASS)" id="116" language="English" languageCode="eng" languageTag="en" requiredBandwidths="1,1,1,1,1,1,1,1" selected="1" streamType="3" title="Full Subtitles [LostYears]" decision="burn" location="segments-av" />
</Part>
</Media>
</Variant>
</Variants>
<SegmentList>
<Segment duration="1000" startOffset="0" endOffset="1000">
<File name="media-00000.ts" type="av">
<FileVariant size="4765236" variant="9eee45bd-4885-4412-b5bc-5d15e8281eb8" />
</File>
<Timelines>
<Download startTime="264" endTime="1664" complete="1" fileType="av" variant="9eee45bd-4885-4412-b5bc-5d15e8281eb8">
<Pause type="segmentWait" startTime="264" endTime="1482" />
</Download>
<Transcode startTime="226" endTime="1423" complete="1" fileType="av" variant="9eee45bd-4885-4412-b5bc-5d15e8281eb8" />
</Timelines>
</Segment>
<Segment duration="1000" startOffset="1000" endOffset="2001">
<File name="media-00001.ts" type="av">
<FileVariant size="4897212" variant="9eee45bd-4885-4412-b5bc-5d15e8281eb8" />
</File>
<Timelines>
<Download startTime="1761" endTime="2284" complete="1" fileType="av" variant="9eee45bd-4885-4412-b5bc-5d15e8281eb8">
<Pause type="segmentWait" startTime="1761" endTime="2263" />
</Download>
<Transcode startTime="1423" endTime="2252" complete="1" fileType="av" variant="9eee45bd-4885-4412-b5bc-5d15e8281eb8" />
</Timelines>
</Segment>
</SegmentList>
<PlaybackReports>
<Playback startTime="2300" endTime="2313" state="playing" progress="92374" />
</PlaybackReports>
<StateReports />
<StateReports />
</SessionReport>
