May 27, 2024 17:43:09.502 [140736159313400] INFO - Plex Media Scanner v1.40.2.8395-c67dce28e - Docker Docker Container (LinuxServer.io) aarch64 - build: linux-aarch64 - GMT 02:00
May 27, 2024 17:43:09.502 [140736159313400] INFO - Linux version: 6.6.28+rpt-rpi-2712, language: en-US
May 27, 2024 17:43:09.502 [140736159313400] INFO - Processor: 4-core AArch64
May 27, 2024 17:43:09.502 [140736159313400] INFO - /usr/lib/plexmediaserver/Plex Media Scanner --analyze --log-file-suffix  Analysis --no-thumbs --item 212
May 27, 2024 17:43:09.503 [140736239591608] DEBUG - Opening 20 database sessions to library (com.plexapp.plugins.library), SQLite 3.39.4, threadsafe=1
May 27, 2024 17:43:09.588 [140736239591608] DEBUG - Analyzing media parts for item 212 (Re:Stive): 226,227
May 27, 2024 17:43:09.588 [140736239591608] DEBUG - [ID 226] Media part analysis: /anime/Re-Monster (2024) [imdbid-tt31514720]/Season 1/Re-Monster (2024) - S01E09 - 009 - Re-Stive [WEBDL-1080p][8bit][h264][AAC 2.0][JA]-Global.mkv
May 27, 2024 17:43:09.588 [140736239591608] DEBUG - [MI] Opening input file: "/anime/Re-Monster (2024) [imdbid-tt31514720]/Season 1/Re-Monster (2024) - S01E09 - 009 - Re-Stive [WEBDL-1080p][8bit][h264][AAC 2.0][JA]-Global.mkv"
May 27, 2024 17:43:09.588 [140736239591608] DEBUG - [FFMPEG] - Opening '/anime/Re-Monster (2024) [imdbid-tt31514720]/Season 1/Re-Monster (2024) - S01E09 - 009 - Re-Stive [WEBDL-1080p][8bit][h264][AAC 2.0][JA]-Global.mkv' for reading
May 27, 2024 17:43:09.588 [140736239591608] DEBUG - [FFMPEG] - Setting default whitelist 'file,crypto,data'
May 27, 2024 17:43:09.601 [140736239591608] ERROR - Exception analyzing media file '/anime/Re-Monster (2024) [imdbid-tt31514720]/Season 1/Re-Monster (2024) - S01E09 - 009 - Re-Stive [WEBDL-1080p][8bit][h264][AAC 2.0][JA]-Global.mkv' (Could not parse /anime/Re-Monster (2024) [imdbid-tt31514720]/Season 1/Re-Monster (2024) - S01E09 - 009 - Re-Stive [WEBDL-1080p][8bit][h264][AAC 2.0][JA]-Global.mkv (error=-2): No such file or directory)
May 27, 2024 17:43:09.601 [140736239591608] ERROR - Failed to successfully analyze part 226.
May 27, 2024 17:43:09.602 [140736239591608] DEBUG - [ID 227] Media part analysis: /anime/Re-Monster (2024) [imdbid-tt31514720]/Season 1/Re-Monster (2024) - S01E09 - 009 - Re-Stive [HDTV-1080p][8bit][x264][AAC 2.0][JA]-SubsPlease.mkv
May 27, 2024 17:43:09.604 [140736239591608] DEBUG - [MI] Opening input file: "/anime/Re-Monster (2024) [imdbid-tt31514720]/Season 1/Re-Monster (2024) - S01E09 - 009 - Re-Stive [HDTV-1080p][8bit][x264][AAC 2.0][JA]-SubsPlease.mkv"
May 27, 2024 17:43:09.604 [140736239591608] DEBUG - [FFMPEG] - Opening '/anime/Re-Monster (2024) [imdbid-tt31514720]/Season 1/Re-Monster (2024) - S01E09 - 009 - Re-Stive [HDTV-1080p][8bit][x264][AAC 2.0][JA]-SubsPlease.mkv' for reading
May 27, 2024 17:43:09.604 [140736239591608] DEBUG - [FFMPEG] - Setting default whitelist 'file,crypto,data'
May 27, 2024 17:43:09.604 [140736239591608] DEBUG - [FFMPEG] - Format matroska,webm probed with size=2048 and score=100
May 27, 2024 17:43:09.604 [140736239591608] DEBUG - [FFMPEG] - Unknown entry 0x22B59D at pos. 4344
May 27, 2024 17:43:09.604 [140736239591608] DEBUG - [FFMPEG] - Unknown entry 0x22B59D at pos. 4429
May 27, 2024 17:43:09.604 [140736239591608] DEBUG - [FFMPEG] - Unknown entry 0x22B59D at pos. 6663
May 27, 2024 17:43:09.608 [140736239591608] DEBUG - [FFMPEG] - Unknown entry 0x447B at pos. 1447964939
May 27, 2024 17:43:09.608 [140736239591608] DEBUG - [FFMPEG] - Unknown entry 0x447B at pos. 1447964985
May 27, 2024 17:43:09.608 [140736239591608] DEBUG - [FFMPEG] - Unknown entry 0x447B at pos. 1447965026
May 27, 2024 17:43:09.608 [140736239591608] DEBUG - [FFMPEG] - Unknown entry 0x447B at pos. 1447965071
May 27, 2024 17:43:09.608 [140736239591608] DEBUG - [FFMPEG] - Unknown entry 0x447B at pos. 1447965130
May 27, 2024 17:43:09.608 [140736239591608] DEBUG - [FFMPEG] - Unknown entry 0x447B at pos. 1447965197
May 27, 2024 17:43:09.608 [140736239591608] DEBUG - [FFMPEG] - Unknown entry 0x447B at pos. 1447965278
May 27, 2024 17:43:09.608 [140736239591608] DEBUG - [FFMPEG] - Unknown entry 0x447B at pos. 1447965330
May 27, 2024 17:43:09.608 [140736239591608] DEBUG - [FFMPEG] - Unknown entry 0x447B at pos. 1447965376
May 27, 2024 17:43:09.608 [140736239591608] DEBUG - [FFMPEG] - Unknown entry 0x447B at pos. 1447965417
May 27, 2024 17:43:09.608 [140736239591608] DEBUG - [FFMPEG] - Unknown entry 0x447B at pos. 1447965460
May 27, 2024 17:43:09.608 [140736239591608] DEBUG - [FFMPEG] - Unknown entry 0x447B at pos. 1447965519
May 27, 2024 17:43:09.609 [140736239591608] DEBUG - [FFMPEG] - Unknown entry 0x447B at pos. 1447965586
May 27, 2024 17:43:09.609 [140736239591608] DEBUG - [FFMPEG] - Unknown entry 0x447B at pos. 1447965667
May 27, 2024 17:43:09.609 [140736239591608] DEBUG - [FFMPEG] - Unknown entry 0x447B at pos. 1447965716
May 27, 2024 17:43:09.609 [140736239591608] DEBUG - [FFMPEG] - Unknown entry 0x447B at pos. 1447965762
May 27, 2024 17:43:09.609 [140736239591608] DEBUG - [FFMPEG] - Unknown entry 0x447B at pos. 1447965801
May 27, 2024 17:43:09.609 [140736239591608] DEBUG - [FFMPEG] - Unknown entry 0x447B at pos. 1447965841
May 27, 2024 17:43:09.609 [140736239591608] DEBUG - [FFMPEG] - Unknown entry 0x447B at pos. 1447965900
May 27, 2024 17:43:09.609 [140736239591608] DEBUG - [FFMPEG] - Unknown entry 0x447B at pos. 1447965967
May 27, 2024 17:43:09.609 [140736239591608] DEBUG - [FFMPEG] - Unknown entry 0x447B at pos. 1447966048
May 27, 2024 17:43:09.609 [140736239591608] DEBUG - [FFMPEG] - st:0 removing common factor 1000000 from timebase
May 27, 2024 17:43:09.609 [140736239591608] DEBUG - [FFMPEG] - st:1 removing common factor 1000000 from timebase
May 27, 2024 17:43:09.609 [140736239591608] DEBUG - [FFMPEG] - st:2 removing common factor 1000000 from timebase
May 27, 2024 17:43:09.618 [140736239591608] DEBUG - [FFMPEG] - Before avformat_find_stream_info() pos: 6507684 bytes read:6541612 seeks:2 nb_streams:17
May 27, 2024 17:43:09.619 [140736239591608] DEBUG - [FFMPEG] - nal_unit_type: 7(SPS), nal_ref_idc: 3
May 27, 2024 17:43:09.619 [140736239591608] DEBUG - [FFMPEG] - nal_unit_type: 8(PPS), nal_ref_idc: 3
May 27, 2024 17:43:09.624 [140736239591608] DEBUG - [FFMPEG] - nal_unit_type: 7(SPS), nal_ref_idc: 3
May 27, 2024 17:43:09.624 [140736239591608] DEBUG - [FFMPEG] - nal_unit_type: 8(PPS), nal_ref_idc: 3
May 27, 2024 17:43:09.624 [140736239591608] DEBUG - [FFMPEG] - nal_unit_type: 6(SEI), nal_ref_idc: 0
May 27, 2024 17:43:09.624 [140736239591608] DEBUG - [FFMPEG] - nal_unit_type: 5(IDR), nal_ref_idc: 3
May 27, 2024 17:43:09.624 [140736239591608] DEBUG - [FFMPEG] - Format yuv420p chosen by get_format().
May 27, 2024 17:43:09.631 [140736239591608] DEBUG - [FFMPEG] - nal_unit_type: 1(Coded slice of a non-IDR picture), nal_ref_idc: 2
May 27, 2024 17:43:09.636 [140736239591608] DEBUG - [FFMPEG] - nal_unit_type: 1(Coded slice of a non-IDR picture), nal_ref_idc: 2
May 27, 2024 17:43:09.643 [140736239591608] DEBUG - [FFMPEG] - nal_unit_type: 1(Coded slice of a non-IDR picture), nal_ref_idc: 2
May 27, 2024 17:43:09.649 [140736239591608] DEBUG - [FFMPEG] - nal_unit_type: 1(Coded slice of a non-IDR picture), nal_ref_idc: 2
May 27, 2024 17:43:09.655 [140736239591608] DEBUG - [FFMPEG] - nal_unit_type: 1(Coded slice of a non-IDR picture), nal_ref_idc: 2
May 27, 2024 17:43:09.659 [140736239591608] DEBUG - [FFMPEG] - nal_unit_type: 1(Coded slice of a non-IDR picture), nal_ref_idc: 2
May 27, 2024 17:43:09.662 [140736239591608] DEBUG - [FFMPEG] - All info found
May 27, 2024 17:43:09.668 [140736239591608] DEBUG - [FFMPEG] - After avformat_find_stream_info() pos: 6515427 bytes read:6574380 seeks:2 frames:24
May 27, 2024 17:43:09.684 [140736239591608] DEBUG - [MI]  * 90da2c80ff144a3b8e7bbe042a0f88ae643cbab9 [mkv h264/aac] Duration: 1420109ms, 1920x1080 (1.777778) 23.976fps, bitrate=8156kbps, audio channels=2, optimizedForStreaming=0 ("/anime/Re-Monster (2024) [imdbid-tt31514720]/Season 1/Re-Monster (2024) - S01E09 - 009 - Re-Stive [HDTV-1080p][8bit][x264][AAC 2.0][JA]-SubsPlease.mkv")
May 27, 2024 17:43:09.684 [140736239591608] DEBUG - [MI] Chapters had generic titles, clearing.
May 27, 2024 17:43:09.684 [140736239591608] DEBUG - [MI] Closing input file: "/anime/Re-Monster (2024) [imdbid-tt31514720]/Season 1/Re-Monster (2024) - S01E09 - 009 - Re-Stive [HDTV-1080p][8bit][x264][AAC 2.0][JA]-SubsPlease.mkv"
May 27, 2024 17:43:09.685 [140736239591608] DEBUG - Committing media stream changes for part 227
May 27, 2024 17:43:09.686 [140736239591608] DEBUG - Updating media item 227, size=1447966053, metadata_item_id=212
May 27, 2024 17:43:09.686 [140736239591608] DEBUG - Updating part with ID=227 [/anime/Re-Monster (2024) [imdbid-tt31514720]/Season 1/Re-Monster (2024) - S01E09 - 009 - Re-Stive [HDTV-1080p][8bit][x264][AAC 2.0][JA]-SubsPlease.mkv]
May 27, 2024 17:43:09.687 [140736142863864] DEBUG - [HCl#1] HTTP requesting GET http://127.0.0.1:32400/:/metadata/notify/changeItemState?librarySectionID=4&metadataItemID=212&metadataType=4&state=-1&parentID=-1&rootID=-1&mediaState=analyzing
May 27, 2024 17:43:09.689 [140736142274040] DEBUG - [HttpClient/HCl#1] HTTP/1.1 (0.0s) 200 response from GET http://127.0.0.1:32400/:/metadata/notify/changeItemState?librarySectionID=4&metadataItemID=212&metadataType=4&state=-1&parentID=-1&rootID=-1&mediaState=analyzing
May 27, 2024 17:43:09.689 [140736142863864] DEBUG - [HCl#2] HTTP requesting GET http://127.0.0.1:32400/:/metadata/notify/changeItemState?librarySectionID=4&metadataItemID=212&metadataType=4&state=-1&parentID=-1&rootID=-1&mediaState=idle
May 27, 2024 17:43:09.690 [140736142274040] DEBUG - [HttpClient/HCl#2] HTTP/1.1 (0.0s) 200 response from GET http://127.0.0.1:32400/:/metadata/notify/changeItemState?librarySectionID=4&metadataItemID=212&metadataType=4&state=-1&parentID=-1&rootID=-1&mediaState=idle (reused)
